<?xml version="1.0" encoding="UTF-8"?>
<!-- Generated by org.testng.reporters.JUnitXMLReporter -->
<testsuite hostname="amw-g1" ignored="0" name="tracify app test Cases" tests="40" failures="0" timestamp="15 Oct 2019 06:46:50 GMT" time="1049.739" errors="0">
  <testcase name="@BeforeMethod setup" time="54.214" classname="com.herokuapp.qa.tests.VerifyAllDataButtonPageTest">
    <failure type="org.openqa.selenium.TimeoutException" message="timeout
  (Session info: chrome=77.0.3865.90)
Build info: version: &amp;apos;3.12.0&amp;apos;, revision: &amp;apos;7c6e0b3&amp;apos;, time: &amp;apos;2018-05-08T14:04:26.12Z&amp;apos;
System info: host: &amp;apos;AMW-G1&amp;apos;, ip: &amp;apos;10.0.75.1&amp;apos;, os.name: &amp;apos;Windows 10&amp;apos;, os.arch: &amp;apos;amd64&amp;apos;, os.version: &amp;apos;10.0&amp;apos;, java.version: &amp;apos;1.8.0_201&amp;apos;
Driver info: org.openqa.selenium.remote.RemoteWebDriver
Capabilities {acceptInsecureCerts: false, browserName: chrome, browserVersion: 77.0.3865.90, chrome: {chromedriverVersion: 76.0.3809.68 (420c9498db8ce..., userDataDir: C:\WINDOWS\TEMP\scoped_dir1...}, goog:chromeOptions: {debuggerAddress: localhost:53474}, javascriptEnabled: true, networkConnectionEnabled: false, pageLoadStrategy: normal, platform: XP, platformName: XP, proxy: Proxy(), setWindowRect: true, strictFileInteractability: false, timeouts: {implicit: 0, pageLoad: 300000, script: 30000}, unhandledPromptBehavior: dismiss and notify, webdriver.remote.sessionid: ef10878b2ac025e478590385e48...}
Session ID: ef10878b2ac025e478590385e48a78fd">
      <![CDATA[org.openqa.selenium.TimeoutException: timeout
  (Session info: chrome=77.0.3865.90)
Build info: version: '3.12.0', revision: '7c6e0b3', time: '2018-05-08T14:04:26.12Z'
System info: host: 'AMW-G1', ip: '10.0.75.1', os.name: 'Windows 10', os.arch: 'amd64', os.version: '10.0', java.version: '1.8.0_201'
Driver info: org.openqa.selenium.remote.RemoteWebDriver
Capabilities {acceptInsecureCerts: false, browserName: chrome, browserVersion: 77.0.3865.90, chrome: {chromedriverVersion: 76.0.3809.68 (420c9498db8ce..., userDataDir: C:\WINDOWS\TEMP\scoped_dir1...}, goog:chromeOptions: {debuggerAddress: localhost:53474}, javascriptEnabled: true, networkConnectionEnabled: false, pageLoadStrategy: normal, platform: XP, platformName: XP, proxy: Proxy(), setWindowRect: true, strictFileInteractability: false, timeouts: {implicit: 0, pageLoad: 300000, script: 30000}, unhandledPromptBehavior: dismiss and notify, webdriver.remote.sessionid: ef10878b2ac025e478590385e48...}
Session ID: ef10878b2ac025e478590385e48a78fd
at org.openqa.selenium.remote.http.W3CHttpResponseCodec.createException(W3CHttpResponseCodec.java:187)
at org.openqa.selenium.remote.http.W3CHttpResponseCodec.decode(W3CHttpResponseCodec.java:122)
at org.openqa.selenium.remote.http.W3CHttpResponseCodec.decode(W3CHttpResponseCodec.java:49)
at org.openqa.selenium.remote.HttpCommandExecutor.execute(HttpCommandExecutor.java:158)
at org.openqa.selenium.remote.RemoteWebDriver.execute(RemoteWebDriver.java:543)
at org.openqa.selenium.remote.RemoteWebDriver.get(RemoteWebDriver.java:271)
at org.openqa.selenium.support.events.EventFiringWebDriver.lambda$new$1(EventFiringWebDriver.java:103)
at com.sun.proxy.$Proxy8.get(Unknown Source)
at org.openqa.selenium.support.events.EventFiringWebDriver.get(EventFiringWebDriver.java:161)
at com.herokuapp.qa.base.Base.initialization(Base.java:99)
at com.herokuapp.qa.tests.VerifyAllDataButtonPageTest.setup(VerifyAllDataButtonPageTest.java:23)
... Removed 35 stack frames]]>
    </failure>
  </testcase> <!-- @BeforeMethod setup -->
  <testcase name="@AfterMethod getResult" time="0.0" classname="com.herokuapp.qa.base.Base">
    <skipped/>
  </testcase> <!-- @AfterMethod getResult -->
  <testcase name="@AfterMethod teardown" time="0.0" classname="com.herokuapp.qa.base.Base">
    <skipped/>
  </testcase> <!-- @AfterMethod teardown -->
  <testcase name="@BeforeMethod setup" time="0.0" classname="com.herokuapp.qa.tests.VerifyAllDataButtonPageTest">
    <skipped/>
  </testcase> <!-- @BeforeMethod setup -->
  <testcase name="@AfterMethod getResult" time="0.0" classname="com.herokuapp.qa.base.Base">
    <skipped/>
  </testcase> <!-- @AfterMethod getResult -->
  <testcase name="@AfterMethod teardown" time="0.0" classname="com.herokuapp.qa.base.Base">
    <skipped/>
  </testcase> <!-- @AfterMethod teardown -->
  <testcase name="@BeforeMethod setup" time="0.0" classname="com.herokuapp.qa.tests.VerifyAllDataButtonPageTest">
    <skipped/>
  </testcase> <!-- @BeforeMethod setup -->
  <testcase name="@AfterMethod getResult" time="0.0" classname="com.herokuapp.qa.base.Base">
    <skipped/>
  </testcase> <!-- @AfterMethod getResult -->
  <testcase name="@AfterMethod teardown" time="0.0" classname="com.herokuapp.qa.base.Base">
    <skipped/>
  </testcase> <!-- @AfterMethod teardown -->
  <testcase name="@BeforeMethod setup" time="0.0" classname="com.herokuapp.qa.tests.CustomerPageTest">
    <skipped/>
  </testcase> <!-- @BeforeMethod setup -->
  <testcase name="@AfterMethod getResult" time="0.0" classname="com.herokuapp.qa.base.Base">
    <skipped/>
  </testcase> <!-- @AfterMethod getResult -->
  <testcase name="@AfterMethod teardown" time="0.0" classname="com.herokuapp.qa.base.Base">
    <skipped/>
  </testcase> <!-- @AfterMethod teardown -->
  <testcase name="@BeforeMethod setup" time="0.0" classname="com.herokuapp.qa.tests.CustomerFormPageTest">
    <skipped/>
  </testcase> <!-- @BeforeMethod setup -->
  <testcase name="@AfterMethod getResult" time="0.0" classname="com.herokuapp.qa.base.Base">
    <skipped/>
  </testcase> <!-- @AfterMethod getResult -->
  <testcase name="@AfterMethod teardown" time="0.0" classname="com.herokuapp.qa.base.Base">
    <skipped/>
  </testcase> <!-- @AfterMethod teardown -->
  <testcase name="@BeforeMethod setup" time="0.0" classname="com.herokuapp.qa.tests.ColleaguesPageTest">
    <skipped/>
  </testcase> <!-- @BeforeMethod setup -->
  <testcase name="@AfterMethod getResult" time="0.0" classname="com.herokuapp.qa.base.Base">
    <skipped/>
  </testcase> <!-- @AfterMethod getResult -->
  <testcase name="@AfterMethod teardown" time="0.0" classname="com.herokuapp.qa.base.Base">
    <skipped/>
  </testcase> <!-- @AfterMethod teardown -->
  <testcase name="@BeforeMethod setup" time="0.0" classname="com.herokuapp.qa.tests.InvalidUserPageTest">
    <skipped/>
  </testcase> <!-- @BeforeMethod setup -->
  <testcase name="@AfterMethod getResult" time="0.0" classname="com.herokuapp.qa.base.Base">
    <skipped/>
  </testcase> <!-- @AfterMethod getResult -->
  <testcase name="@AfterMethod teardown" time="0.0" classname="com.herokuapp.qa.base.Base">
    <skipped/>
  </testcase> <!-- @AfterMethod teardown -->
  <testcase name="@BeforeMethod setup" time="0.0" classname="com.herokuapp.qa.tests.InvalidUserPageTest">
    <skipped/>
  </testcase> <!-- @BeforeMethod setup -->
  <testcase name="@AfterMethod getResult" time="0.0" classname="com.herokuapp.qa.base.Base">
    <skipped/>
  </testcase> <!-- @AfterMethod getResult -->
  <testcase name="@AfterMethod teardown" time="0.0" classname="com.herokuapp.qa.base.Base">
    <skipped/>
  </testcase> <!-- @AfterMethod teardown -->
  <testcase name="@BeforeMethod setup" time="0.0" classname="com.herokuapp.qa.tests.InvalidUserPageTest">
    <skipped/>
  </testcase> <!-- @BeforeMethod setup -->
  <testcase name="@AfterMethod getResult" time="0.0" classname="com.herokuapp.qa.base.Base">
    <skipped/>
  </testcase> <!-- @AfterMethod getResult -->
  <testcase name="@AfterMethod teardown" time="0.0" classname="com.herokuapp.qa.base.Base">
    <skipped/>
  </testcase> <!-- @AfterMethod teardown -->
  <testcase name="@BeforeMethod setup" time="0.0" classname="com.herokuapp.qa.tests.InvalidUserPageTest">
    <skipped/>
  </testcase> <!-- @BeforeMethod setup -->
  <testcase name="@AfterMethod getResult" time="0.0" classname="com.herokuapp.qa.base.Base">
    <skipped/>
  </testcase> <!-- @AfterMethod getResult -->
  <testcase name="@AfterMethod teardown" time="0.0" classname="com.herokuapp.qa.base.Base">
    <skipped/>
  </testcase> <!-- @AfterMethod teardown -->
  <testcase name="verifyloginpagetitle" time="0.026" classname="com.herokuapp.qa.tests.LoginPageTest"/>
  <testcase name="login" time="5.984" classname="com.herokuapp.qa.tests.LoginPageTest"/>
  <testcase name="verifyHomePageTitle" time="0.011" classname="com.herokuapp.qa.tests.HomePageTest"/>
  <testcase name="VerifyUserProfileName" time="0.041" classname="com.herokuapp.qa.tests.HomePageTest"/>
  <testcase name="clicklogout" time="4.733" classname="com.herokuapp.qa.tests.LogoutPageTest"/>
  <testcase name="update" time="4.844" classname="com.herokuapp.qa.tests.EditProfilePageTest"/>
  <testcase name="verify_updated_data" time="0.05" classname="com.herokuapp.qa.tests.EditProfilePageTest"/>
  <testcase name="verifyTableList" time="5.844" classname="com.herokuapp.qa.tests.CreateMissionsPageTest"/>
  <testcase name="verifymissionlabel" time="21.049" classname="com.herokuapp.qa.tests.CreateMissionsPageTest"/>
  <testcase name="verifymissionlabel" time="21.072" classname="com.herokuapp.qa.tests.CreateMissionsPageTest"/>
  <testcase name="ClickBreadcumlink" time="3.424" classname="com.herokuapp.qa.tests.BreadcrumbsPageTest"/>
  <testcase name="expand_table" time="4.28" classname="com.herokuapp.qa.tests.MissionTable_expandPageTest"/>
  <testcase name="verifyaddmision_as_subdepart" time="7.74" classname="com.herokuapp.qa.tests.SubDivisonMissionPageTest"/>
  <testcase name="verifyaddmision_as_subdepart" time="7.516" classname="com.herokuapp.qa.tests.SubDivisonMissionPageTest"/>
  <testcase name="verifyHomePageTitle" time="26.236" classname="com.herokuapp.qa.tests.NonAdminUserPageTest"/>
  <testcase name="verifyHomePageTitle" time="27.944" classname="com.herokuapp.qa.tests.NonAdminUserPageTest"/>
  <testcase name="verifyHomePageTitle" time="27.429" classname="com.herokuapp.qa.tests.NonAdminUserPageTest"/>
  <testcase name="verifyHomePageTitle" time="11.775" classname="com.herokuapp.qa.tests.NonAdminUserPageTest"/>
  <testcase name="verifymissionlabel" time="23.981" classname="com.herokuapp.qa.tests.UpdateMissionPageTest"/>
  <testcase name="veriflabel" time="34.362" classname="com.herokuapp.qa.tests.DeleteMissionPageTest"/>
  <testcase name="VerifyCurrentMission" time="5.791" classname="com.herokuapp.qa.tests.MissionProductionPageTest"/>
  <testcase name="pendingMission" time="5.064" classname="com.herokuapp.qa.tests.MissionProductionPageTest"/>
  <testcase name="completeMission" time="4.956" classname="com.herokuapp.qa.tests.MissionProductionPageTest"/>
  <testcase name="allMission" time="5.814" classname="com.herokuapp.qa.tests.MissionProductionPageTest"/>
  <testcase name="verifymissionlabel" time="23.914" classname="com.herokuapp.qa.tests.CancelMissionPageTest"/>
  <testcase name="verifymissionlabel" time="191.004" classname="com.herokuapp.qa.tests.FollowupcreatedMissionPageTest"/>
  <testcase name="searchandnextprevios_button" time="4.363" classname="com.herokuapp.qa.tests.VerifyAllDataButtonPageTest"/>
  <testcase name="Importcopy" time="10.188" classname="com.herokuapp.qa.tests.VerifyAllDataButtonPageTest"/>
  <testcase name="Importcsv" time="1.129" classname="com.herokuapp.qa.tests.VerifyAllDataButtonPageTest"/>
  <testcase name="Impotexcel" time="1.117" classname="com.herokuapp.qa.tests.VerifyAllDataButtonPageTest"/>
  <testcase name="Importpdf" time="0.0" classname="com.herokuapp.qa.tests.VerifyAllDataButtonPageTest">
    <skipped/>
  </testcase> <!-- Importpdf -->
  <testcase name="Importprint" time="0.0" classname="com.herokuapp.qa.tests.VerifyAllDataButtonPageTest">
    <skipped/>
  </testcase> <!-- Importprint -->
  <testcase name="nextandprevious" time="0.0" classname="com.herokuapp.qa.tests.VerifyAllDataButtonPageTest">
    <skipped/>
  </testcase> <!-- nextandprevious -->
  <testcase name="Customer" time="0.0" classname="com.herokuapp.qa.tests.CustomerPageTest">
    <skipped/>
  </testcase> <!-- Customer -->
  <testcase name="Customer" time="0.0" classname="com.herokuapp.qa.tests.CustomerFormPageTest">
    <skipped/>
  </testcase> <!-- Customer -->
  <testcase name="colleagues_link" time="0.0" classname="com.herokuapp.qa.tests.ColleaguesPageTest">
    <skipped/>
  </testcase> <!-- colleagues_link -->
  <testcase name="verifhtmlmessagebothfiled" time="0.0" classname="com.herokuapp.qa.tests.InvalidUserPageTest">
    <skipped/>
  </testcase> <!-- verifhtmlmessagebothfiled -->
  <testcase name="verifhtmlmessageforpassword" time="0.0" classname="com.herokuapp.qa.tests.InvalidUserPageTest">
    <skipped/>
  </testcase> <!-- verifhtmlmessageforpassword -->
  <testcase name="veriferror" time="0.0" classname="com.herokuapp.qa.tests.InvalidUserPageTest">
    <skipped/>
  </testcase> <!-- veriferror -->
  <testcase name="getDecoded" time="0.0" classname="com.herokuapp.qa.tests.InvalidUserPageTest">
    <skipped/>
  </testcase> <!-- getDecoded -->
</testsuite> <!-- tracify app test Cases -->
