<!DOCTYPE html PUBLIC "-//W3C//DTD XHTML 1.1//EN" "http://www.w3.org/TR/xhtml11/DTD/xhtml11.dtd">
<html xmlns="http://www.w3.org/1999/xhtml">
<head>
<meta http-equiv="content-type" content="text/html; charset=UTF-8"/>
<title>TestNG Report</title>
<style type="text/css">table {margin-bottom:10px;border-collapse:collapse;empty-cells:show}th,td {border:1px solid #009;padding:.25em .5em}th {vertical-align:bottom}td {vertical-align:top}table a {font-weight:bold}.stripe td {background-color: #E6EBF9}.num {text-align:right}.passedodd td {background-color: #3F3}.passedeven td {background-color: #0A0}.skippedodd td {background-color: #DDD}.skippedeven td {background-color: #CCC}.failedodd td,.attn {background-color: #F33}.failedeven td,.stripe .attn {background-color: #D00}.stacktrace {white-space:pre;font-family:monospace}.totop {font-size:85%;text-align:center;border-bottom:2px solid #000}.invisible {display:none}</style>
</head>
<body>
<table>
<tr><th>Test</th><th># Passed</th><th># Skipped</th><th># Failed</th><th>Time (ms)</th><th>Included Groups</th><th>Excluded Groups</th></tr>
<tr><th colspan="7">tracify Application Test Automation Test Suite</th></tr>
<tr><td><a href="#t0">tracify app test Cases</a></td><td class="num">30</td><td class="num attn">10</td><td class="num">0</td><td class="num">1,049,739</td><td></td><td></td></tr>
</table>
<table id='summary'><thead><tr><th>Class</th><th>Method</th><th>Start</th><th>Time (ms)</th></tr></thead><tbody><tr><th colspan="4">tracify Application Test Automation Test Suite</th></tr></tbody><tbody id="t0"><tr><th colspan="4">tracify app test Cases &#8212; failed (configuration methods)</th></tr><tr class="failedeven"><td rowspan="1">com.herokuapp.qa.tests.VerifyAllDataButtonPageTest</td><td><a href="#m0">setup</a></td><td rowspan="1">1571121955566</td><td rowspan="1">54214</td></tr><tr><th colspan="4">tracify app test Cases &#8212; skipped (configuration methods)</th></tr><tr class="skippedeven"><td rowspan="3">com.herokuapp.qa.tests.ColleaguesPageTest</td><td><a href="#m1">getResult</a></td><td rowspan="1">1571122009831</td><td rowspan="1">0</td></tr><tr class="skippedeven"><td><a href="#m2">setup</a></td><td rowspan="1">1571122009828</td><td rowspan="1">0</td></tr><tr class="skippedeven"><td><a href="#m3">teardown</a></td><td rowspan="1">1571122009831</td><td rowspan="1">0</td></tr><tr class="skippedodd"><td rowspan="3">com.herokuapp.qa.tests.CustomerFormPageTest</td><td><a href="#m4">getResult</a></td><td rowspan="1">1571122009826</td><td rowspan="1">0</td></tr><tr class="skippedodd"><td><a href="#m5">setup</a></td><td rowspan="1">1571122009819</td><td rowspan="1">0</td></tr><tr class="skippedodd"><td><a href="#m6">teardown</a></td><td rowspan="1">1571122009827</td><td rowspan="1">0</td></tr><tr class="skippedeven"><td rowspan="3">com.herokuapp.qa.tests.CustomerPageTest</td><td><a href="#m7">getResult</a></td><td rowspan="1">1571122009813</td><td rowspan="1">0</td></tr><tr class="skippedeven"><td><a href="#m8">setup</a></td><td rowspan="1">1571122009810</td><td rowspan="1">0</td></tr><tr class="skippedeven"><td><a href="#m9">teardown</a></td><td rowspan="1">1571122009814</td><td rowspan="1">0</td></tr><tr class="skippedodd"><td rowspan="12">com.herokuapp.qa.tests.InvalidUserPageTest</td><td><a href="#m10">getResult</a></td><td rowspan="4">1571122009846</td><td rowspan="4">0</td></tr><tr class="skippedodd"><td><a href="#m11">getResult</a></td></tr><tr class="skippedodd"><td><a href="#m12">getResult</a></td></tr><tr class="skippedodd"><td><a href="#m13">getResult</a></td></tr><tr class="skippedodd"><td><a href="#m14">setup</a></td><td rowspan="4">1571122009843</td><td rowspan="4">0</td></tr><tr class="skippedodd"><td><a href="#m15">setup</a></td></tr><tr class="skippedodd"><td><a href="#m16">setup</a></td></tr><tr class="skippedodd"><td><a href="#m17">setup</a></td></tr><tr class="skippedodd"><td><a href="#m18">teardown</a></td><td rowspan="4">1571122009842</td><td rowspan="4">0</td></tr><tr class="skippedodd"><td><a href="#m19">teardown</a></td></tr><tr class="skippedodd"><td><a href="#m20">teardown</a></td></tr><tr class="skippedodd"><td><a href="#m21">teardown</a></td></tr><tr class="skippedeven"><td rowspan="8">com.herokuapp.qa.tests.VerifyAllDataButtonPageTest</td><td><a href="#m22">getResult</a></td><td rowspan="3">1571122009803</td><td rowspan="3">0</td></tr><tr class="skippedeven"><td><a href="#m23">getResult</a></td></tr><tr class="skippedeven"><td><a href="#m24">getResult</a></td></tr><tr class="skippedeven"><td><a href="#m25">setup</a></td><td rowspan="2">1571122009797</td><td rowspan="2">0</td></tr><tr class="skippedeven"><td><a href="#m26">setup</a></td></tr><tr class="skippedeven"><td><a href="#m27">teardown</a></td><td rowspan="3">1571122009804</td><td rowspan="3">0</td></tr><tr class="skippedeven"><td><a href="#m28">teardown</a></td></tr><tr class="skippedeven"><td><a href="#m29">teardown</a></td></tr><tr><th colspan="4">tracify app test Cases &#8212; skipped</th></tr><tr class="skippedeven"><td rowspan="1">com.herokuapp.qa.tests.ColleaguesPageTest</td><td><a href="#m30">colleagues_link</a></td><td rowspan="1">1571122009829</td><td rowspan="1">0</td></tr><tr class="skippedodd"><td rowspan="1">com.herokuapp.qa.tests.CustomerFormPageTest</td><td><a href="#m31">Customer</a></td><td rowspan="1">1571122009820</td><td rowspan="1">0</td></tr><tr class="skippedeven"><td rowspan="1">com.herokuapp.qa.tests.CustomerPageTest</td><td><a href="#m32">Customer</a></td><td rowspan="1">1571122009811</td><td rowspan="1">0</td></tr><tr class="skippedodd"><td rowspan="4">com.herokuapp.qa.tests.InvalidUserPageTest</td><td><a href="#m33">getDecoded</a></td><td rowspan="1">1571122010011</td><td rowspan="1">0</td></tr><tr class="skippedodd"><td><a href="#m34">veriferror</a></td><td rowspan="1">1571122009996</td><td rowspan="1">0</td></tr><tr class="skippedodd"><td><a href="#m35">verifhtmlmessagebothfiled</a></td><td rowspan="1">1571122009836</td><td rowspan="1">0</td></tr><tr class="skippedodd"><td><a href="#m36">verifhtmlmessageforpassword</a></td><td rowspan="1">1571122009844</td><td rowspan="1">0</td></tr><tr class="skippedeven"><td rowspan="3">com.herokuapp.qa.tests.VerifyAllDataButtonPageTest</td><td><a href="#m37">Importpdf</a></td><td rowspan="1">1571122009787</td><td rowspan="1">0</td></tr><tr class="skippedeven"><td><a href="#m38">Importprint</a></td><td rowspan="1">1571122009799</td><td rowspan="1">0</td></tr><tr class="skippedeven"><td><a href="#m39">nextandprevious</a></td><td rowspan="1">1571122009806</td><td rowspan="1">0</td></tr><tr><th colspan="4">tracify app test Cases &#8212; passed</th></tr><tr class="passedeven"><td rowspan="1">com.herokuapp.qa.tests.BreadcrumbsPageTest</td><td><a href="#m40">ClickBreadcumlink</a></td><td rowspan="1">1571121215372</td><td rowspan="1">3424</td></tr><tr class="passedodd"><td rowspan="1">com.herokuapp.qa.tests.CancelMissionPageTest</td><td><a href="#m41">verifymissionlabel</a></td><td rowspan="1">1571121640511</td><td rowspan="1">23914</td></tr><tr class="passedeven"><td rowspan="3">com.herokuapp.qa.tests.CreateMissionsPageTest</td><td><a href="#m42">verifyTableList</a></td><td rowspan="1">1571121110465</td><td rowspan="1">5844</td></tr><tr class="passedeven"><td><a href="#m43">verifymissionlabel</a></td><td rowspan="2">1571121172945</td><td rowspan="2">21072</td></tr><tr class="passedeven"><td><a href="#m44">verifymissionlabel</a></td></tr><tr class="passedodd"><td rowspan="1">com.herokuapp.qa.tests.DeleteMissionPageTest</td><td><a href="#m45">veriflabel</a></td><td rowspan="1">1571121501776</td><td rowspan="1">34362</td></tr><tr class="passedeven"><td rowspan="2">com.herokuapp.qa.tests.EditProfilePageTest</td><td><a href="#m46">update</a></td><td rowspan="1">1571121070365</td><td rowspan="1">4844</td></tr><tr class="passedeven"><td><a href="#m47">verify_updated_data</a></td><td rowspan="1">1571121094478</td><td rowspan="1">50</td></tr><tr class="passedodd"><td rowspan="1">com.herokuapp.qa.tests.FollowupcreatedMissionPageTest</td><td><a href="#m48">verifymissionlabel</a></td><td rowspan="1">1571121678998</td><td rowspan="1">191004</td></tr><tr class="passedeven"><td rowspan="2">com.herokuapp.qa.tests.HomePageTest</td><td><a href="#m49">VerifyUserProfileName</a></td><td rowspan="1">1571121024771</td><td rowspan="1">41</td></tr><tr class="passedeven"><td><a href="#m50">verifyHomePageTitle</a></td><td rowspan="1">1571120999963</td><td rowspan="1">11</td></tr><tr class="passedodd"><td rowspan="2">com.herokuapp.qa.tests.LoginPageTest</td><td><a href="#m51">login</a></td><td rowspan="1">1571120977629</td><td rowspan="1">5984</td></tr><tr class="passedodd"><td><a href="#m52">verifyloginpagetitle</a></td><td rowspan="1">1571120970046</td><td rowspan="1">26</td></tr><tr class="passedeven"><td rowspan="1">com.herokuapp.qa.tests.LogoutPageTest</td><td><a href="#m53">clicklogout</a></td><td rowspan="1">1571121044217</td><td rowspan="1">4733</td></tr><tr class="passedodd"><td rowspan="4">com.herokuapp.qa.tests.MissionProductionPageTest</td><td><a href="#m54">VerifyCurrentMission</a></td><td rowspan="1">1571121551691</td><td rowspan="1">5791</td></tr><tr class="passedodd"><td><a href="#m55">allMission</a></td><td rowspan="1">1571121618629</td><td rowspan="1">5814</td></tr><tr class="passedodd"><td><a href="#m56">completeMission</a></td><td rowspan="1">1571121597690</td><td rowspan="1">4956</td></tr><tr class="passedodd"><td><a href="#m57">pendingMission</a></td><td rowspan="1">1571121576218</td><td rowspan="1">5064</td></tr><tr class="passedeven"><td rowspan="1">com.herokuapp.qa.tests.MissionTable_expandPageTest</td><td><a href="#m58">expand_table</a></td><td rowspan="1">1571121233903</td><td rowspan="1">4280</td></tr><tr class="passedodd"><td rowspan="4">com.herokuapp.qa.tests.NonAdminUserPageTest</td><td><a href="#m59">verifyHomePageTitle</a></td><td rowspan="4">1571121412520</td><td rowspan="4">11775</td></tr><tr class="passedodd"><td><a href="#m60">verifyHomePageTitle</a></td></tr><tr class="passedodd"><td><a href="#m61">verifyHomePageTitle</a></td></tr><tr class="passedodd"><td><a href="#m62">verifyHomePageTitle</a></td></tr><tr class="passedeven"><td rowspan="2">com.herokuapp.qa.tests.SubDivisonMissionPageTest</td><td><a href="#m63">verifyaddmision_as_subdepart</a></td><td rowspan="2">1571121281910</td><td rowspan="2">7516</td></tr><tr class="passedeven"><td><a href="#m64">verifyaddmision_as_subdepart</a></td></tr><tr class="passedodd"><td rowspan="1">com.herokuapp.qa.tests.UpdateMissionPageTest</td><td><a href="#m65">verifymissionlabel</a></td><td rowspan="1">1571121454822</td><td rowspan="1">23981</td></tr><tr class="passedeven"><td rowspan="4">com.herokuapp.qa.tests.VerifyAllDataButtonPageTest</td><td><a href="#m66">Importcopy</a></td><td rowspan="1">1571121903557</td><td rowspan="1">10188</td></tr><tr class="passedeven"><td><a href="#m67">Importcsv</a></td><td rowspan="1">1571121931759</td><td rowspan="1">1129</td></tr><tr class="passedeven"><td><a href="#m68">Impotexcel</a></td><td rowspan="1">1571121954280</td><td rowspan="1">1117</td></tr><tr class="passedeven"><td><a href="#m69">searchandnextprevios_button</a></td><td rowspan="1">1571121885000</td><td rowspan="1">4363</td></tr></tbody>
</table>
<h2>tracify app test Cases</h2><h3 id="m0">com.herokuapp.qa.tests.VerifyAllDataButtonPageTest#setup</h3><table class="result"><tr><th>Exception</th></tr><tr><td><div class="stacktrace">org.openqa.selenium.TimeoutException: timeout
  (Session info: chrome=77.0.3865.90)
Build info: version: &apos;3.12.0&apos;, revision: &apos;7c6e0b3&apos;, time: &apos;2018-05-08T14:04:26.12Z&apos;
System info: host: &apos;AMW-G1&apos;, ip: &apos;10.0.75.1&apos;, os.name: &apos;Windows 10&apos;, os.arch: &apos;amd64&apos;, os.version: &apos;10.0&apos;, java.version: &apos;1.8.0_201&apos;
Driver info: org.openqa.selenium.remote.RemoteWebDriver
Capabilities {acceptInsecureCerts: false, browserName: chrome, browserVersion: 77.0.3865.90, chrome: {chromedriverVersion: 76.0.3809.68 (420c9498db8ce..., userDataDir: C:\WINDOWS\TEMP\scoped_dir1...}, goog:chromeOptions: {debuggerAddress: localhost:53474}, javascriptEnabled: true, networkConnectionEnabled: false, pageLoadStrategy: normal, platform: XP, platformName: XP, proxy: Proxy(), setWindowRect: true, strictFileInteractability: false, timeouts: {implicit: 0, pageLoad: 300000, script: 30000}, unhandledPromptBehavior: dismiss and notify, webdriver.remote.sessionid: ef10878b2ac025e478590385e48...}
Session ID: ef10878b2ac025e478590385e48a78fd
	at org.openqa.selenium.remote.http.W3CHttpResponseCodec.createException(W3CHttpResponseCodec.java:187)
	at org.openqa.selenium.remote.http.W3CHttpResponseCodec.decode(W3CHttpResponseCodec.java:122)
	at org.openqa.selenium.remote.http.W3CHttpResponseCodec.decode(W3CHttpResponseCodec.java:49)
	at org.openqa.selenium.remote.HttpCommandExecutor.execute(HttpCommandExecutor.java:158)
	at org.openqa.selenium.remote.RemoteWebDriver.execute(RemoteWebDriver.java:543)
	at org.openqa.selenium.remote.RemoteWebDriver.get(RemoteWebDriver.java:271)
	at org.openqa.selenium.support.events.EventFiringWebDriver.lambda$new$1(EventFiringWebDriver.java:103)
	at com.sun.proxy.$Proxy8.get(Unknown Source)
	at org.openqa.selenium.support.events.EventFiringWebDriver.get(EventFiringWebDriver.java:161)
	at com.herokuapp.qa.base.Base.initialization(Base.java:99)
	at com.herokuapp.qa.tests.VerifyAllDataButtonPageTest.setup(VerifyAllDataButtonPageTest.java:23)
... Removed 35 stack frames</div></td></tr></table><p class="totop"><a href="#summary">back to summary</a></p>
<h3 id="m1">com.herokuapp.qa.tests.ColleaguesPageTest#getResult</h3><table class="result"><tr><th class="invisible"/></tr></table><p class="totop"><a href="#summary">back to summary</a></p>
<h3 id="m2">com.herokuapp.qa.tests.ColleaguesPageTest#setup</h3><table class="result"><tr><th class="invisible"/></tr></table><p class="totop"><a href="#summary">back to summary</a></p>
<h3 id="m3">com.herokuapp.qa.tests.ColleaguesPageTest#teardown</h3><table class="result"><tr><th class="invisible"/></tr></table><p class="totop"><a href="#summary">back to summary</a></p>
<h3 id="m4">com.herokuapp.qa.tests.CustomerFormPageTest#getResult</h3><table class="result"><tr><th class="invisible"/></tr></table><p class="totop"><a href="#summary">back to summary</a></p>
<h3 id="m5">com.herokuapp.qa.tests.CustomerFormPageTest#setup</h3><table class="result"><tr><th class="invisible"/></tr></table><p class="totop"><a href="#summary">back to summary</a></p>
<h3 id="m6">com.herokuapp.qa.tests.CustomerFormPageTest#teardown</h3><table class="result"><tr><th class="invisible"/></tr></table><p class="totop"><a href="#summary">back to summary</a></p>
<h3 id="m7">com.herokuapp.qa.tests.CustomerPageTest#getResult</h3><table class="result"><tr><th class="invisible"/></tr></table><p class="totop"><a href="#summary">back to summary</a></p>
<h3 id="m8">com.herokuapp.qa.tests.CustomerPageTest#setup</h3><table class="result"><tr><th class="invisible"/></tr></table><p class="totop"><a href="#summary">back to summary</a></p>
<h3 id="m9">com.herokuapp.qa.tests.CustomerPageTest#teardown</h3><table class="result"><tr><th class="invisible"/></tr></table><p class="totop"><a href="#summary">back to summary</a></p>
<h3 id="m10">com.herokuapp.qa.tests.InvalidUserPageTest#getResult</h3><table class="result"><tr><th class="invisible"/></tr></table><p class="totop"><a href="#summary">back to summary</a></p>
<h3 id="m11">com.herokuapp.qa.tests.InvalidUserPageTest#getResult</h3><table class="result"><tr><th class="invisible"/></tr></table><p class="totop"><a href="#summary">back to summary</a></p>
<h3 id="m12">com.herokuapp.qa.tests.InvalidUserPageTest#getResult</h3><table class="result"><tr><th class="invisible"/></tr></table><p class="totop"><a href="#summary">back to summary</a></p>
<h3 id="m13">com.herokuapp.qa.tests.InvalidUserPageTest#getResult</h3><table class="result"><tr><th class="invisible"/></tr></table><p class="totop"><a href="#summary">back to summary</a></p>
<h3 id="m14">com.herokuapp.qa.tests.InvalidUserPageTest#setup</h3><table class="result"><tr><th class="invisible"/></tr></table><p class="totop"><a href="#summary">back to summary</a></p>
<h3 id="m15">com.herokuapp.qa.tests.InvalidUserPageTest#setup</h3><table class="result"><tr><th class="invisible"/></tr></table><p class="totop"><a href="#summary">back to summary</a></p>
<h3 id="m16">com.herokuapp.qa.tests.InvalidUserPageTest#setup</h3><table class="result"><tr><th class="invisible"/></tr></table><p class="totop"><a href="#summary">back to summary</a></p>
<h3 id="m17">com.herokuapp.qa.tests.InvalidUserPageTest#setup</h3><table class="result"><tr><th class="invisible"/></tr></table><p class="totop"><a href="#summary">back to summary</a></p>
<h3 id="m18">com.herokuapp.qa.tests.InvalidUserPageTest#teardown</h3><table class="result"><tr><th class="invisible"/></tr></table><p class="totop"><a href="#summary">back to summary</a></p>
<h3 id="m19">com.herokuapp.qa.tests.InvalidUserPageTest#teardown</h3><table class="result"><tr><th class="invisible"/></tr></table><p class="totop"><a href="#summary">back to summary</a></p>
<h3 id="m20">com.herokuapp.qa.tests.InvalidUserPageTest#teardown</h3><table class="result"><tr><th class="invisible"/></tr></table><p class="totop"><a href="#summary">back to summary</a></p>
<h3 id="m21">com.herokuapp.qa.tests.InvalidUserPageTest#teardown</h3><table class="result"><tr><th class="invisible"/></tr></table><p class="totop"><a href="#summary">back to summary</a></p>
<h3 id="m22">com.herokuapp.qa.tests.VerifyAllDataButtonPageTest#getResult</h3><table class="result"><tr><th class="invisible"/></tr></table><p class="totop"><a href="#summary">back to summary</a></p>
<h3 id="m23">com.herokuapp.qa.tests.VerifyAllDataButtonPageTest#getResult</h3><table class="result"><tr><th class="invisible"/></tr></table><p class="totop"><a href="#summary">back to summary</a></p>
<h3 id="m24">com.herokuapp.qa.tests.VerifyAllDataButtonPageTest#getResult</h3><table class="result"><tr><th class="invisible"/></tr></table><p class="totop"><a href="#summary">back to summary</a></p>
<h3 id="m25">com.herokuapp.qa.tests.VerifyAllDataButtonPageTest#setup</h3><table class="result"><tr><th class="invisible"/></tr></table><p class="totop"><a href="#summary">back to summary</a></p>
<h3 id="m26">com.herokuapp.qa.tests.VerifyAllDataButtonPageTest#setup</h3><table class="result"><tr><th class="invisible"/></tr></table><p class="totop"><a href="#summary">back to summary</a></p>
<h3 id="m27">com.herokuapp.qa.tests.VerifyAllDataButtonPageTest#teardown</h3><table class="result"><tr><th class="invisible"/></tr></table><p class="totop"><a href="#summary">back to summary</a></p>
<h3 id="m28">com.herokuapp.qa.tests.VerifyAllDataButtonPageTest#teardown</h3><table class="result"><tr><th class="invisible"/></tr></table><p class="totop"><a href="#summary">back to summary</a></p>
<h3 id="m29">com.herokuapp.qa.tests.VerifyAllDataButtonPageTest#teardown</h3><table class="result"><tr><th class="invisible"/></tr></table><p class="totop"><a href="#summary">back to summary</a></p>
<h3 id="m30">com.herokuapp.qa.tests.ColleaguesPageTest#colleagues_link</h3><table class="result"><tr><th>Exception</th></tr><tr><td><div class="stacktrace">org.openqa.selenium.TimeoutException: timeout
  (Session info: chrome=77.0.3865.90)
Build info: version: &apos;3.12.0&apos;, revision: &apos;7c6e0b3&apos;, time: &apos;2018-05-08T14:04:26.12Z&apos;
System info: host: &apos;AMW-G1&apos;, ip: &apos;10.0.75.1&apos;, os.name: &apos;Windows 10&apos;, os.arch: &apos;amd64&apos;, os.version: &apos;10.0&apos;, java.version: &apos;1.8.0_201&apos;
Driver info: org.openqa.selenium.remote.RemoteWebDriver
Capabilities {acceptInsecureCerts: false, browserName: chrome, browserVersion: 77.0.3865.90, chrome: {chromedriverVersion: 76.0.3809.68 (420c9498db8ce..., userDataDir: C:\WINDOWS\TEMP\scoped_dir1...}, goog:chromeOptions: {debuggerAddress: localhost:53474}, javascriptEnabled: true, networkConnectionEnabled: false, pageLoadStrategy: normal, platform: XP, platformName: XP, proxy: Proxy(), setWindowRect: true, strictFileInteractability: false, timeouts: {implicit: 0, pageLoad: 300000, script: 30000}, unhandledPromptBehavior: dismiss and notify, webdriver.remote.sessionid: ef10878b2ac025e478590385e48...}
Session ID: ef10878b2ac025e478590385e48a78fd
	at org.openqa.selenium.remote.http.W3CHttpResponseCodec.createException(W3CHttpResponseCodec.java:187)
	at org.openqa.selenium.remote.http.W3CHttpResponseCodec.decode(W3CHttpResponseCodec.java:122)
	at org.openqa.selenium.remote.http.W3CHttpResponseCodec.decode(W3CHttpResponseCodec.java:49)
	at org.openqa.selenium.remote.HttpCommandExecutor.execute(HttpCommandExecutor.java:158)
	at org.openqa.selenium.remote.RemoteWebDriver.execute(RemoteWebDriver.java:543)
	at org.openqa.selenium.remote.RemoteWebDriver.get(RemoteWebDriver.java:271)
	at org.openqa.selenium.support.events.EventFiringWebDriver.lambda$new$1(EventFiringWebDriver.java:103)
	at com.sun.proxy.$Proxy8.get(Unknown Source)
	at org.openqa.selenium.support.events.EventFiringWebDriver.get(EventFiringWebDriver.java:161)
	at com.herokuapp.qa.base.Base.initialization(Base.java:99)
	at com.herokuapp.qa.tests.VerifyAllDataButtonPageTest.setup(VerifyAllDataButtonPageTest.java:23)
... Removed 35 stack frames</div></td></tr></table><p class="totop"><a href="#summary">back to summary</a></p>
<h3 id="m31">com.herokuapp.qa.tests.CustomerFormPageTest#Customer</h3><table class="result"><tr><th>Exception</th></tr><tr><td><div class="stacktrace">org.openqa.selenium.TimeoutException: timeout
  (Session info: chrome=77.0.3865.90)
Build info: version: &apos;3.12.0&apos;, revision: &apos;7c6e0b3&apos;, time: &apos;2018-05-08T14:04:26.12Z&apos;
System info: host: &apos;AMW-G1&apos;, ip: &apos;10.0.75.1&apos;, os.name: &apos;Windows 10&apos;, os.arch: &apos;amd64&apos;, os.version: &apos;10.0&apos;, java.version: &apos;1.8.0_201&apos;
Driver info: org.openqa.selenium.remote.RemoteWebDriver
Capabilities {acceptInsecureCerts: false, browserName: chrome, browserVersion: 77.0.3865.90, chrome: {chromedriverVersion: 76.0.3809.68 (420c9498db8ce..., userDataDir: C:\WINDOWS\TEMP\scoped_dir1...}, goog:chromeOptions: {debuggerAddress: localhost:53474}, javascriptEnabled: true, networkConnectionEnabled: false, pageLoadStrategy: normal, platform: XP, platformName: XP, proxy: Proxy(), setWindowRect: true, strictFileInteractability: false, timeouts: {implicit: 0, pageLoad: 300000, script: 30000}, unhandledPromptBehavior: dismiss and notify, webdriver.remote.sessionid: ef10878b2ac025e478590385e48...}
Session ID: ef10878b2ac025e478590385e48a78fd
	at org.openqa.selenium.remote.http.W3CHttpResponseCodec.createException(W3CHttpResponseCodec.java:187)
	at org.openqa.selenium.remote.http.W3CHttpResponseCodec.decode(W3CHttpResponseCodec.java:122)
	at org.openqa.selenium.remote.http.W3CHttpResponseCodec.decode(W3CHttpResponseCodec.java:49)
	at org.openqa.selenium.remote.HttpCommandExecutor.execute(HttpCommandExecutor.java:158)
	at org.openqa.selenium.remote.RemoteWebDriver.execute(RemoteWebDriver.java:543)
	at org.openqa.selenium.remote.RemoteWebDriver.get(RemoteWebDriver.java:271)
	at org.openqa.selenium.support.events.EventFiringWebDriver.lambda$new$1(EventFiringWebDriver.java:103)
	at com.sun.proxy.$Proxy8.get(Unknown Source)
	at org.openqa.selenium.support.events.EventFiringWebDriver.get(EventFiringWebDriver.java:161)
	at com.herokuapp.qa.base.Base.initialization(Base.java:99)
	at com.herokuapp.qa.tests.VerifyAllDataButtonPageTest.setup(VerifyAllDataButtonPageTest.java:23)
... Removed 35 stack frames</div></td></tr></table><p class="totop"><a href="#summary">back to summary</a></p>
<h3 id="m32">com.herokuapp.qa.tests.CustomerPageTest#Customer</h3><table class="result"><tr><th>Exception</th></tr><tr><td><div class="stacktrace">org.openqa.selenium.TimeoutException: timeout
  (Session info: chrome=77.0.3865.90)
Build info: version: &apos;3.12.0&apos;, revision: &apos;7c6e0b3&apos;, time: &apos;2018-05-08T14:04:26.12Z&apos;
System info: host: &apos;AMW-G1&apos;, ip: &apos;10.0.75.1&apos;, os.name: &apos;Windows 10&apos;, os.arch: &apos;amd64&apos;, os.version: &apos;10.0&apos;, java.version: &apos;1.8.0_201&apos;
Driver info: org.openqa.selenium.remote.RemoteWebDriver
Capabilities {acceptInsecureCerts: false, browserName: chrome, browserVersion: 77.0.3865.90, chrome: {chromedriverVersion: 76.0.3809.68 (420c9498db8ce..., userDataDir: C:\WINDOWS\TEMP\scoped_dir1...}, goog:chromeOptions: {debuggerAddress: localhost:53474}, javascriptEnabled: true, networkConnectionEnabled: false, pageLoadStrategy: normal, platform: XP, platformName: XP, proxy: Proxy(), setWindowRect: true, strictFileInteractability: false, timeouts: {implicit: 0, pageLoad: 300000, script: 30000}, unhandledPromptBehavior: dismiss and notify, webdriver.remote.sessionid: ef10878b2ac025e478590385e48...}
Session ID: ef10878b2ac025e478590385e48a78fd
	at org.openqa.selenium.remote.http.W3CHttpResponseCodec.createException(W3CHttpResponseCodec.java:187)
	at org.openqa.selenium.remote.http.W3CHttpResponseCodec.decode(W3CHttpResponseCodec.java:122)
	at org.openqa.selenium.remote.http.W3CHttpResponseCodec.decode(W3CHttpResponseCodec.java:49)
	at org.openqa.selenium.remote.HttpCommandExecutor.execute(HttpCommandExecutor.java:158)
	at org.openqa.selenium.remote.RemoteWebDriver.execute(RemoteWebDriver.java:543)
	at org.openqa.selenium.remote.RemoteWebDriver.get(RemoteWebDriver.java:271)
	at org.openqa.selenium.support.events.EventFiringWebDriver.lambda$new$1(EventFiringWebDriver.java:103)
	at com.sun.proxy.$Proxy8.get(Unknown Source)
	at org.openqa.selenium.support.events.EventFiringWebDriver.get(EventFiringWebDriver.java:161)
	at com.herokuapp.qa.base.Base.initialization(Base.java:99)
	at com.herokuapp.qa.tests.VerifyAllDataButtonPageTest.setup(VerifyAllDataButtonPageTest.java:23)
... Removed 35 stack frames</div></td></tr></table><p class="totop"><a href="#summary">back to summary</a></p>
<h3 id="m33">com.herokuapp.qa.tests.InvalidUserPageTest#getDecoded</h3><table class="result"><tr><th>Exception</th></tr><tr><td><div class="stacktrace">org.openqa.selenium.TimeoutException: timeout
  (Session info: chrome=77.0.3865.90)
Build info: version: &apos;3.12.0&apos;, revision: &apos;7c6e0b3&apos;, time: &apos;2018-05-08T14:04:26.12Z&apos;
System info: host: &apos;AMW-G1&apos;, ip: &apos;10.0.75.1&apos;, os.name: &apos;Windows 10&apos;, os.arch: &apos;amd64&apos;, os.version: &apos;10.0&apos;, java.version: &apos;1.8.0_201&apos;
Driver info: org.openqa.selenium.remote.RemoteWebDriver
Capabilities {acceptInsecureCerts: false, browserName: chrome, browserVersion: 77.0.3865.90, chrome: {chromedriverVersion: 76.0.3809.68 (420c9498db8ce..., userDataDir: C:\WINDOWS\TEMP\scoped_dir1...}, goog:chromeOptions: {debuggerAddress: localhost:53474}, javascriptEnabled: true, networkConnectionEnabled: false, pageLoadStrategy: normal, platform: XP, platformName: XP, proxy: Proxy(), setWindowRect: true, strictFileInteractability: false, timeouts: {implicit: 0, pageLoad: 300000, script: 30000}, unhandledPromptBehavior: dismiss and notify, webdriver.remote.sessionid: ef10878b2ac025e478590385e48...}
Session ID: ef10878b2ac025e478590385e48a78fd
	at org.openqa.selenium.remote.http.W3CHttpResponseCodec.createException(W3CHttpResponseCodec.java:187)
	at org.openqa.selenium.remote.http.W3CHttpResponseCodec.decode(W3CHttpResponseCodec.java:122)
	at org.openqa.selenium.remote.http.W3CHttpResponseCodec.decode(W3CHttpResponseCodec.java:49)
	at org.openqa.selenium.remote.HttpCommandExecutor.execute(HttpCommandExecutor.java:158)
	at org.openqa.selenium.remote.RemoteWebDriver.execute(RemoteWebDriver.java:543)
	at org.openqa.selenium.remote.RemoteWebDriver.get(RemoteWebDriver.java:271)
	at org.openqa.selenium.support.events.EventFiringWebDriver.lambda$new$1(EventFiringWebDriver.java:103)
	at com.sun.proxy.$Proxy8.get(Unknown Source)
	at org.openqa.selenium.support.events.EventFiringWebDriver.get(EventFiringWebDriver.java:161)
	at com.herokuapp.qa.base.Base.initialization(Base.java:99)
	at com.herokuapp.qa.tests.VerifyAllDataButtonPageTest.setup(VerifyAllDataButtonPageTest.java:23)
... Removed 35 stack frames</div></td></tr></table><p class="totop"><a href="#summary">back to summary</a></p>
<h3 id="m34">com.herokuapp.qa.tests.InvalidUserPageTest#veriferror</h3><table class="result"><tr><th>Exception</th></tr><tr><td><div class="stacktrace">org.openqa.selenium.TimeoutException: timeout
  (Session info: chrome=77.0.3865.90)
Build info: version: &apos;3.12.0&apos;, revision: &apos;7c6e0b3&apos;, time: &apos;2018-05-08T14:04:26.12Z&apos;
System info: host: &apos;AMW-G1&apos;, ip: &apos;10.0.75.1&apos;, os.name: &apos;Windows 10&apos;, os.arch: &apos;amd64&apos;, os.version: &apos;10.0&apos;, java.version: &apos;1.8.0_201&apos;
Driver info: org.openqa.selenium.remote.RemoteWebDriver
Capabilities {acceptInsecureCerts: false, browserName: chrome, browserVersion: 77.0.3865.90, chrome: {chromedriverVersion: 76.0.3809.68 (420c9498db8ce..., userDataDir: C:\WINDOWS\TEMP\scoped_dir1...}, goog:chromeOptions: {debuggerAddress: localhost:53474}, javascriptEnabled: true, networkConnectionEnabled: false, pageLoadStrategy: normal, platform: XP, platformName: XP, proxy: Proxy(), setWindowRect: true, strictFileInteractability: false, timeouts: {implicit: 0, pageLoad: 300000, script: 30000}, unhandledPromptBehavior: dismiss and notify, webdriver.remote.sessionid: ef10878b2ac025e478590385e48...}
Session ID: ef10878b2ac025e478590385e48a78fd
	at org.openqa.selenium.remote.http.W3CHttpResponseCodec.createException(W3CHttpResponseCodec.java:187)
	at org.openqa.selenium.remote.http.W3CHttpResponseCodec.decode(W3CHttpResponseCodec.java:122)
	at org.openqa.selenium.remote.http.W3CHttpResponseCodec.decode(W3CHttpResponseCodec.java:49)
	at org.openqa.selenium.remote.HttpCommandExecutor.execute(HttpCommandExecutor.java:158)
	at org.openqa.selenium.remote.RemoteWebDriver.execute(RemoteWebDriver.java:543)
	at org.openqa.selenium.remote.RemoteWebDriver.get(RemoteWebDriver.java:271)
	at org.openqa.selenium.support.events.EventFiringWebDriver.lambda$new$1(EventFiringWebDriver.java:103)
	at com.sun.proxy.$Proxy8.get(Unknown Source)
	at org.openqa.selenium.support.events.EventFiringWebDriver.get(EventFiringWebDriver.java:161)
	at com.herokuapp.qa.base.Base.initialization(Base.java:99)
	at com.herokuapp.qa.tests.VerifyAllDataButtonPageTest.setup(VerifyAllDataButtonPageTest.java:23)
... Removed 35 stack frames</div></td></tr></table><p class="totop"><a href="#summary">back to summary</a></p>
<h3 id="m35">com.herokuapp.qa.tests.InvalidUserPageTest#verifhtmlmessagebothfiled</h3><table class="result"><tr><th>Exception</th></tr><tr><td><div class="stacktrace">org.openqa.selenium.TimeoutException: timeout
  (Session info: chrome=77.0.3865.90)
Build info: version: &apos;3.12.0&apos;, revision: &apos;7c6e0b3&apos;, time: &apos;2018-05-08T14:04:26.12Z&apos;
System info: host: &apos;AMW-G1&apos;, ip: &apos;10.0.75.1&apos;, os.name: &apos;Windows 10&apos;, os.arch: &apos;amd64&apos;, os.version: &apos;10.0&apos;, java.version: &apos;1.8.0_201&apos;
Driver info: org.openqa.selenium.remote.RemoteWebDriver
Capabilities {acceptInsecureCerts: false, browserName: chrome, browserVersion: 77.0.3865.90, chrome: {chromedriverVersion: 76.0.3809.68 (420c9498db8ce..., userDataDir: C:\WINDOWS\TEMP\scoped_dir1...}, goog:chromeOptions: {debuggerAddress: localhost:53474}, javascriptEnabled: true, networkConnectionEnabled: false, pageLoadStrategy: normal, platform: XP, platformName: XP, proxy: Proxy(), setWindowRect: true, strictFileInteractability: false, timeouts: {implicit: 0, pageLoad: 300000, script: 30000}, unhandledPromptBehavior: dismiss and notify, webdriver.remote.sessionid: ef10878b2ac025e478590385e48...}
Session ID: ef10878b2ac025e478590385e48a78fd
	at org.openqa.selenium.remote.http.W3CHttpResponseCodec.createException(W3CHttpResponseCodec.java:187)
	at org.openqa.selenium.remote.http.W3CHttpResponseCodec.decode(W3CHttpResponseCodec.java:122)
	at org.openqa.selenium.remote.http.W3CHttpResponseCodec.decode(W3CHttpResponseCodec.java:49)
	at org.openqa.selenium.remote.HttpCommandExecutor.execute(HttpCommandExecutor.java:158)
	at org.openqa.selenium.remote.RemoteWebDriver.execute(RemoteWebDriver.java:543)
	at org.openqa.selenium.remote.RemoteWebDriver.get(RemoteWebDriver.java:271)
	at org.openqa.selenium.support.events.EventFiringWebDriver.lambda$new$1(EventFiringWebDriver.java:103)
	at com.sun.proxy.$Proxy8.get(Unknown Source)
	at org.openqa.selenium.support.events.EventFiringWebDriver.get(EventFiringWebDriver.java:161)
	at com.herokuapp.qa.base.Base.initialization(Base.java:99)
	at com.herokuapp.qa.tests.VerifyAllDataButtonPageTest.setup(VerifyAllDataButtonPageTest.java:23)
... Removed 35 stack frames</div></td></tr></table><p class="totop"><a href="#summary">back to summary</a></p>
<h3 id="m36">com.herokuapp.qa.tests.InvalidUserPageTest#verifhtmlmessageforpassword</h3><table class="result"><tr><th>Exception</th></tr><tr><td><div class="stacktrace">org.openqa.selenium.TimeoutException: timeout
  (Session info: chrome=77.0.3865.90)
Build info: version: &apos;3.12.0&apos;, revision: &apos;7c6e0b3&apos;, time: &apos;2018-05-08T14:04:26.12Z&apos;
System info: host: &apos;AMW-G1&apos;, ip: &apos;10.0.75.1&apos;, os.name: &apos;Windows 10&apos;, os.arch: &apos;amd64&apos;, os.version: &apos;10.0&apos;, java.version: &apos;1.8.0_201&apos;
Driver info: org.openqa.selenium.remote.RemoteWebDriver
Capabilities {acceptInsecureCerts: false, browserName: chrome, browserVersion: 77.0.3865.90, chrome: {chromedriverVersion: 76.0.3809.68 (420c9498db8ce..., userDataDir: C:\WINDOWS\TEMP\scoped_dir1...}, goog:chromeOptions: {debuggerAddress: localhost:53474}, javascriptEnabled: true, networkConnectionEnabled: false, pageLoadStrategy: normal, platform: XP, platformName: XP, proxy: Proxy(), setWindowRect: true, strictFileInteractability: false, timeouts: {implicit: 0, pageLoad: 300000, script: 30000}, unhandledPromptBehavior: dismiss and notify, webdriver.remote.sessionid: ef10878b2ac025e478590385e48...}
Session ID: ef10878b2ac025e478590385e48a78fd
	at org.openqa.selenium.remote.http.W3CHttpResponseCodec.createException(W3CHttpResponseCodec.java:187)
	at org.openqa.selenium.remote.http.W3CHttpResponseCodec.decode(W3CHttpResponseCodec.java:122)
	at org.openqa.selenium.remote.http.W3CHttpResponseCodec.decode(W3CHttpResponseCodec.java:49)
	at org.openqa.selenium.remote.HttpCommandExecutor.execute(HttpCommandExecutor.java:158)
	at org.openqa.selenium.remote.RemoteWebDriver.execute(RemoteWebDriver.java:543)
	at org.openqa.selenium.remote.RemoteWebDriver.get(RemoteWebDriver.java:271)
	at org.openqa.selenium.support.events.EventFiringWebDriver.lambda$new$1(EventFiringWebDriver.java:103)
	at com.sun.proxy.$Proxy8.get(Unknown Source)
	at org.openqa.selenium.support.events.EventFiringWebDriver.get(EventFiringWebDriver.java:161)
	at com.herokuapp.qa.base.Base.initialization(Base.java:99)
	at com.herokuapp.qa.tests.VerifyAllDataButtonPageTest.setup(VerifyAllDataButtonPageTest.java:23)
... Removed 35 stack frames</div></td></tr></table><p class="totop"><a href="#summary">back to summary</a></p>
<h3 id="m37">com.herokuapp.qa.tests.VerifyAllDataButtonPageTest#Importpdf</h3><table class="result"><tr><th>Exception</th></tr><tr><td><div class="stacktrace">org.openqa.selenium.TimeoutException: timeout
  (Session info: chrome=77.0.3865.90)
Build info: version: &apos;3.12.0&apos;, revision: &apos;7c6e0b3&apos;, time: &apos;2018-05-08T14:04:26.12Z&apos;
System info: host: &apos;AMW-G1&apos;, ip: &apos;10.0.75.1&apos;, os.name: &apos;Windows 10&apos;, os.arch: &apos;amd64&apos;, os.version: &apos;10.0&apos;, java.version: &apos;1.8.0_201&apos;
Driver info: org.openqa.selenium.remote.RemoteWebDriver
Capabilities {acceptInsecureCerts: false, browserName: chrome, browserVersion: 77.0.3865.90, chrome: {chromedriverVersion: 76.0.3809.68 (420c9498db8ce..., userDataDir: C:\WINDOWS\TEMP\scoped_dir1...}, goog:chromeOptions: {debuggerAddress: localhost:53474}, javascriptEnabled: true, networkConnectionEnabled: false, pageLoadStrategy: normal, platform: XP, platformName: XP, proxy: Proxy(), setWindowRect: true, strictFileInteractability: false, timeouts: {implicit: 0, pageLoad: 300000, script: 30000}, unhandledPromptBehavior: dismiss and notify, webdriver.remote.sessionid: ef10878b2ac025e478590385e48...}
Session ID: ef10878b2ac025e478590385e48a78fd
	at org.openqa.selenium.remote.http.W3CHttpResponseCodec.createException(W3CHttpResponseCodec.java:187)
	at org.openqa.selenium.remote.http.W3CHttpResponseCodec.decode(W3CHttpResponseCodec.java:122)
	at org.openqa.selenium.remote.http.W3CHttpResponseCodec.decode(W3CHttpResponseCodec.java:49)
	at org.openqa.selenium.remote.HttpCommandExecutor.execute(HttpCommandExecutor.java:158)
	at org.openqa.selenium.remote.RemoteWebDriver.execute(RemoteWebDriver.java:543)
	at org.openqa.selenium.remote.RemoteWebDriver.get(RemoteWebDriver.java:271)
	at org.openqa.selenium.support.events.EventFiringWebDriver.lambda$new$1(EventFiringWebDriver.java:103)
	at com.sun.proxy.$Proxy8.get(Unknown Source)
	at org.openqa.selenium.support.events.EventFiringWebDriver.get(EventFiringWebDriver.java:161)
	at com.herokuapp.qa.base.Base.initialization(Base.java:99)
	at com.herokuapp.qa.tests.VerifyAllDataButtonPageTest.setup(VerifyAllDataButtonPageTest.java:23)
... Removed 35 stack frames</div></td></tr></table><p class="totop"><a href="#summary">back to summary</a></p>
<h3 id="m38">com.herokuapp.qa.tests.VerifyAllDataButtonPageTest#Importprint</h3><table class="result"><tr><th>Exception</th></tr><tr><td><div class="stacktrace">org.openqa.selenium.TimeoutException: timeout
  (Session info: chrome=77.0.3865.90)
Build info: version: &apos;3.12.0&apos;, revision: &apos;7c6e0b3&apos;, time: &apos;2018-05-08T14:04:26.12Z&apos;
System info: host: &apos;AMW-G1&apos;, ip: &apos;10.0.75.1&apos;, os.name: &apos;Windows 10&apos;, os.arch: &apos;amd64&apos;, os.version: &apos;10.0&apos;, java.version: &apos;1.8.0_201&apos;
Driver info: org.openqa.selenium.remote.RemoteWebDriver
Capabilities {acceptInsecureCerts: false, browserName: chrome, browserVersion: 77.0.3865.90, chrome: {chromedriverVersion: 76.0.3809.68 (420c9498db8ce..., userDataDir: C:\WINDOWS\TEMP\scoped_dir1...}, goog:chromeOptions: {debuggerAddress: localhost:53474}, javascriptEnabled: true, networkConnectionEnabled: false, pageLoadStrategy: normal, platform: XP, platformName: XP, proxy: Proxy(), setWindowRect: true, strictFileInteractability: false, timeouts: {implicit: 0, pageLoad: 300000, script: 30000}, unhandledPromptBehavior: dismiss and notify, webdriver.remote.sessionid: ef10878b2ac025e478590385e48...}
Session ID: ef10878b2ac025e478590385e48a78fd
	at org.openqa.selenium.remote.http.W3CHttpResponseCodec.createException(W3CHttpResponseCodec.java:187)
	at org.openqa.selenium.remote.http.W3CHttpResponseCodec.decode(W3CHttpResponseCodec.java:122)
	at org.openqa.selenium.remote.http.W3CHttpResponseCodec.decode(W3CHttpResponseCodec.java:49)
	at org.openqa.selenium.remote.HttpCommandExecutor.execute(HttpCommandExecutor.java:158)
	at org.openqa.selenium.remote.RemoteWebDriver.execute(RemoteWebDriver.java:543)
	at org.openqa.selenium.remote.RemoteWebDriver.get(RemoteWebDriver.java:271)
	at org.openqa.selenium.support.events.EventFiringWebDriver.lambda$new$1(EventFiringWebDriver.java:103)
	at com.sun.proxy.$Proxy8.get(Unknown Source)
	at org.openqa.selenium.support.events.EventFiringWebDriver.get(EventFiringWebDriver.java:161)
	at com.herokuapp.qa.base.Base.initialization(Base.java:99)
	at com.herokuapp.qa.tests.VerifyAllDataButtonPageTest.setup(VerifyAllDataButtonPageTest.java:23)
... Removed 35 stack frames</div></td></tr></table><p class="totop"><a href="#summary">back to summary</a></p>
<h3 id="m39">com.herokuapp.qa.tests.VerifyAllDataButtonPageTest#nextandprevious</h3><table class="result"><tr><th>Exception</th></tr><tr><td><div class="stacktrace">org.openqa.selenium.TimeoutException: timeout
  (Session info: chrome=77.0.3865.90)
Build info: version: &apos;3.12.0&apos;, revision: &apos;7c6e0b3&apos;, time: &apos;2018-05-08T14:04:26.12Z&apos;
System info: host: &apos;AMW-G1&apos;, ip: &apos;10.0.75.1&apos;, os.name: &apos;Windows 10&apos;, os.arch: &apos;amd64&apos;, os.version: &apos;10.0&apos;, java.version: &apos;1.8.0_201&apos;
Driver info: org.openqa.selenium.remote.RemoteWebDriver
Capabilities {acceptInsecureCerts: false, browserName: chrome, browserVersion: 77.0.3865.90, chrome: {chromedriverVersion: 76.0.3809.68 (420c9498db8ce..., userDataDir: C:\WINDOWS\TEMP\scoped_dir1...}, goog:chromeOptions: {debuggerAddress: localhost:53474}, javascriptEnabled: true, networkConnectionEnabled: false, pageLoadStrategy: normal, platform: XP, platformName: XP, proxy: Proxy(), setWindowRect: true, strictFileInteractability: false, timeouts: {implicit: 0, pageLoad: 300000, script: 30000}, unhandledPromptBehavior: dismiss and notify, webdriver.remote.sessionid: ef10878b2ac025e478590385e48...}
Session ID: ef10878b2ac025e478590385e48a78fd
	at org.openqa.selenium.remote.http.W3CHttpResponseCodec.createException(W3CHttpResponseCodec.java:187)
	at org.openqa.selenium.remote.http.W3CHttpResponseCodec.decode(W3CHttpResponseCodec.java:122)
	at org.openqa.selenium.remote.http.W3CHttpResponseCodec.decode(W3CHttpResponseCodec.java:49)
	at org.openqa.selenium.remote.HttpCommandExecutor.execute(HttpCommandExecutor.java:158)
	at org.openqa.selenium.remote.RemoteWebDriver.execute(RemoteWebDriver.java:543)
	at org.openqa.selenium.remote.RemoteWebDriver.get(RemoteWebDriver.java:271)
	at org.openqa.selenium.support.events.EventFiringWebDriver.lambda$new$1(EventFiringWebDriver.java:103)
	at com.sun.proxy.$Proxy8.get(Unknown Source)
	at org.openqa.selenium.support.events.EventFiringWebDriver.get(EventFiringWebDriver.java:161)
	at com.herokuapp.qa.base.Base.initialization(Base.java:99)
	at com.herokuapp.qa.tests.VerifyAllDataButtonPageTest.setup(VerifyAllDataButtonPageTest.java:23)
... Removed 35 stack frames</div></td></tr></table><p class="totop"><a href="#summary">back to summary</a></p>
<h3 id="m40">com.herokuapp.qa.tests.BreadcrumbsPageTest#ClickBreadcumlink</h3><table class="result"><tr><th class="invisible"/></tr></table><p class="totop"><a href="#summary">back to summary</a></p>
<h3 id="m41">com.herokuapp.qa.tests.CancelMissionPageTest#verifymissionlabel</h3><table class="result"><tr><th class="invisible"/></tr></table><p class="totop"><a href="#summary">back to summary</a></p>
<h3 id="m42">com.herokuapp.qa.tests.CreateMissionsPageTest#verifyTableList</h3><table class="result"><tr><th class="invisible"/></tr></table><p class="totop"><a href="#summary">back to summary</a></p>
<h3 id="m43">com.herokuapp.qa.tests.CreateMissionsPageTest#verifymissionlabel</h3><table class="result"><tr class="param"><th>Parameter #1</th><th>Parameter #2</th><th>Parameter #3</th><th>Parameter #4</th><th>Parameter #5</th><th>Parameter #6</th></tr><tr class="param stripe"><td>Automation Department</td><td>Automation Category</td><td>Danone</td><td>chhotuManual</td><td>chhotuManual</td><td>Test Deadline1</td></tr></table><p class="totop"><a href="#summary">back to summary</a></p>
<h3 id="m44">com.herokuapp.qa.tests.CreateMissionsPageTest#verifymissionlabel</h3><table class="result"><tr class="param"><th>Parameter #1</th><th>Parameter #2</th><th>Parameter #3</th><th>Parameter #4</th><th>Parameter #5</th><th>Parameter #6</th></tr><tr class="param stripe"><td>Testing  New Department</td><td>Testing Category</td><td>Client 1</td><td>chhotuManual</td><td>chhotuManual</td><td>Test Deadline1</td></tr></table><p class="totop"><a href="#summary">back to summary</a></p>
<h3 id="m45">com.herokuapp.qa.tests.DeleteMissionPageTest#veriflabel</h3><table class="result"><tr><th class="invisible"/></tr></table><p class="totop"><a href="#summary">back to summary</a></p>
<h3 id="m46">com.herokuapp.qa.tests.EditProfilePageTest#update</h3><table class="result"><tr class="param"><th>Parameter #1</th></tr><tr class="param stripe"><td>Indore</td></tr></table><p class="totop"><a href="#summary">back to summary</a></p>
<h3 id="m47">com.herokuapp.qa.tests.EditProfilePageTest#verify_updated_data</h3><table class="result"><tr class="param"><th>Parameter #1</th></tr><tr class="param stripe"><td>Indore</td></tr></table><p class="totop"><a href="#summary">back to summary</a></p>
<h3 id="m48">com.herokuapp.qa.tests.FollowupcreatedMissionPageTest#verifymissionlabel</h3><table class="result"><tr class="param"><th>Parameter #1</th><th>Parameter #2</th><th>Parameter #3</th><th>Parameter #4</th><th>Parameter #5</th><th>Parameter #6</th></tr><tr class="param stripe"><td>Follow Up Mission</td><td>Follow up chhotu</td><td>Client 1</td><td>chhotuManual</td><td>chhotuManual</td><td>Test Deadline 2</td></tr></table><p class="totop"><a href="#summary">back to summary</a></p>
<h3 id="m49">com.herokuapp.qa.tests.HomePageTest#VerifyUserProfileName</h3><table class="result"><tr><th class="invisible"/></tr></table><p class="totop"><a href="#summary">back to summary</a></p>
<h3 id="m50">com.herokuapp.qa.tests.HomePageTest#verifyHomePageTitle</h3><table class="result"><tr><th class="invisible"/></tr></table><p class="totop"><a href="#summary">back to summary</a></p>
<h3 id="m51">com.herokuapp.qa.tests.LoginPageTest#login</h3><table class="result"><tr><th class="invisible"/></tr></table><p class="totop"><a href="#summary">back to summary</a></p>
<h3 id="m52">com.herokuapp.qa.tests.LoginPageTest#verifyloginpagetitle</h3><table class="result"><tr><th class="invisible"/></tr></table><p class="totop"><a href="#summary">back to summary</a></p>
<h3 id="m53">com.herokuapp.qa.tests.LogoutPageTest#clicklogout</h3><table class="result"><tr><th class="invisible"/></tr></table><p class="totop"><a href="#summary">back to summary</a></p>
<h3 id="m54">com.herokuapp.qa.tests.MissionProductionPageTest#VerifyCurrentMission</h3><table class="result"><tr><th class="invisible"/></tr></table><p class="totop"><a href="#summary">back to summary</a></p>
<h3 id="m55">com.herokuapp.qa.tests.MissionProductionPageTest#allMission</h3><table class="result"><tr><th class="invisible"/></tr></table><p class="totop"><a href="#summary">back to summary</a></p>
<h3 id="m56">com.herokuapp.qa.tests.MissionProductionPageTest#completeMission</h3><table class="result"><tr><th class="invisible"/></tr></table><p class="totop"><a href="#summary">back to summary</a></p>
<h3 id="m57">com.herokuapp.qa.tests.MissionProductionPageTest#pendingMission</h3><table class="result"><tr><th class="invisible"/></tr></table><p class="totop"><a href="#summary">back to summary</a></p>
<h3 id="m58">com.herokuapp.qa.tests.MissionTable_expandPageTest#expand_table</h3><table class="result"><tr><th class="invisible"/></tr></table><p class="totop"><a href="#summary">back to summary</a></p>
<h3 id="m59">com.herokuapp.qa.tests.NonAdminUserPageTest#verifyHomePageTitle</h3><table class="result"><tr class="param"><th>Parameter #1</th><th>Parameter #2</th></tr><tr class="param stripe"><td>chhotuManual</td><td>Chhotu2019+</td></tr></table><p class="totop"><a href="#summary">back to summary</a></p>
<h3 id="m60">com.herokuapp.qa.tests.NonAdminUserPageTest#verifyHomePageTitle</h3><table class="result"><tr class="param"><th>Parameter #1</th><th>Parameter #2</th></tr><tr class="param stripe"><td>Testuser748596</td><td>Hamaza2019+</td></tr></table><p class="totop"><a href="#summary">back to summary</a></p>
<h3 id="m61">com.herokuapp.qa.tests.NonAdminUserPageTest#verifyHomePageTitle</h3><table class="result"><tr class="param"><th>Parameter #1</th><th>Parameter #2</th></tr><tr class="param stripe"><td>ChhotuQa</td><td>Chhotu2019+</td></tr></table><p class="totop"><a href="#summary">back to summary</a></p>
<h3 id="m62">com.herokuapp.qa.tests.NonAdminUserPageTest#verifyHomePageTitle</h3><table class="result"><tr class="param"><th>Parameter #1</th><th>Parameter #2</th></tr><tr class="param stripe"><td>Testuser</td><td>Hamaza2019+</td></tr></table><p class="totop"><a href="#summary">back to summary</a></p>
<h3 id="m63">com.herokuapp.qa.tests.SubDivisonMissionPageTest#verifyaddmision_as_subdepart</h3><table class="result"><tr class="param"><th>Parameter #1</th><th>Parameter #2</th><th>Parameter #3</th><th>Parameter #4</th><th>Parameter #5</th><th>Parameter #6</th></tr><tr class="param stripe"><td>Automation Department</td><td>Automation Category</td><td>Danone</td><td>chhotuManual</td><td>chhotuManual</td><td>Test Deadline1</td></tr></table><p class="totop"><a href="#summary">back to summary</a></p>
<h3 id="m64">com.herokuapp.qa.tests.SubDivisonMissionPageTest#verifyaddmision_as_subdepart</h3><table class="result"><tr class="param"><th>Parameter #1</th><th>Parameter #2</th><th>Parameter #3</th><th>Parameter #4</th><th>Parameter #5</th><th>Parameter #6</th></tr><tr class="param stripe"><td>Testing  New Department</td><td>Testing Category</td><td>Client 1</td><td>chhotuManual</td><td>chhotuManual</td><td>Test Deadline1</td></tr></table><p class="totop"><a href="#summary">back to summary</a></p>
<h3 id="m65">com.herokuapp.qa.tests.UpdateMissionPageTest#verifymissionlabel</h3><table class="result"><tr><th class="invisible"/></tr></table><p class="totop"><a href="#summary">back to summary</a></p>
<h3 id="m66">com.herokuapp.qa.tests.VerifyAllDataButtonPageTest#Importcopy</h3><table class="result"><tr><th class="invisible"/></tr></table><p class="totop"><a href="#summary">back to summary</a></p>
<h3 id="m67">com.herokuapp.qa.tests.VerifyAllDataButtonPageTest#Importcsv</h3><table class="result"><tr><th class="invisible"/></tr></table><p class="totop"><a href="#summary">back to summary</a></p>
<h3 id="m68">com.herokuapp.qa.tests.VerifyAllDataButtonPageTest#Impotexcel</h3><table class="result"><tr><th class="invisible"/></tr></table><p class="totop"><a href="#summary">back to summary</a></p>
<h3 id="m69">com.herokuapp.qa.tests.VerifyAllDataButtonPageTest#searchandnextprevios_button</h3><table class="result"><tr><th class="invisible"/></tr></table><p class="totop"><a href="#summary">back to summary</a></p>
</body>
</html>
