<!DOCTYPE html>

<html>
  <head>
  <meta charset='utf-8'>
  <title>TestNG reports</title>

    <link type="text/css" href="testng-reports.css" rel="stylesheet" />
    <script type="text/javascript" src="jquery-1.7.1.min.js"></script>
    <script type="text/javascript" src="testng-reports.js"></script>
    <script type="text/javascript" src="https://www.google.com/jsapi"></script>
    <script type='text/javascript'>
      google.load('visualization', '1', {packages:['table']});
      google.setOnLoadCallback(drawTable);
      var suiteTableInitFunctions = new Array();
      var suiteTableData = new Array();
    </script>
    <!--
      <script type="text/javascript" src="jquery-ui/js/jquery-ui-1.8.16.custom.min.js"></script>
     -->
  </head>

  <body>
    <div class="top-banner-root">
      <span class="top-banner-title-font">Test results</span>
      <br/>
      <span class="top-banner-font-1">1 suite</span>
    </div> <!-- top-banner-root -->
    <div class="navigator-root">
      <div class="navigator-suite-header">
        <span>All suites</span>
        <a href="#" class="collapse-all-link" title="Collapse/expand all the suites">
          <img class="collapse-all-icon" src="collapseall.gif">
          </img> <!-- collapse-all-icon -->
        </a> <!-- collapse-all-link -->
      </div> <!-- navigator-suite-header -->
      <div class="suite">
        <div class="rounded-window">
          <div class="suite-header light-rounded-window-top">
            <a href="#" class="navigator-link" panel-name="suite-tracify_Application_Test_Automation_Test_Suite">
              <span class="suite-name border-skipped">tracify Application Test Automation Test Suite</span>
            </a> <!-- navigator-link -->
          </div> <!-- suite-header light-rounded-window-top -->
          <div class="navigator-suite-content">
            <div class="suite-section-title">
              <span>Info</span>
            </div> <!-- suite-section-title -->
            <div class="suite-section-content">
              <ul>
                <li>
                  <a href="#" class="navigator-link " panel-name="test-xml-tracify_Application_Test_Automation_Test_Suite">
                    <span>F:\KeyWordDrivenFrameWork\com.client.tracify.com\src\main\resoures\Regression.xml</span>
                  </a> <!-- navigator-link  -->
                </li>
                <li>
                  <a href="#" class="navigator-link " panel-name="testlist-tracify_Application_Test_Automation_Test_Suite">
                    <span class="test-stats">1 test</span>
                  </a> <!-- navigator-link  -->
                </li>
                <li>
                  <a href="#" class="navigator-link " panel-name="group-tracify_Application_Test_Automation_Test_Suite">
                    <span>0 groups</span>
                  </a> <!-- navigator-link  -->
                </li>
                <li>
                  <a href="#" class="navigator-link " panel-name="times-tracify_Application_Test_Automation_Test_Suite">
                    <span>Times</span>
                  </a> <!-- navigator-link  -->
                </li>
                <li>
                  <a href="#" class="navigator-link " panel-name="reporter-tracify_Application_Test_Automation_Test_Suite">
                    <span>Reporter output</span>
                  </a> <!-- navigator-link  -->
                </li>
                <li>
                  <a href="#" class="navigator-link " panel-name="ignored-methods-tracify_Application_Test_Automation_Test_Suite">
                    <span>Ignored methods</span>
                  </a> <!-- navigator-link  -->
                </li>
                <li>
                  <a href="#" class="navigator-link " panel-name="chronological-tracify_Application_Test_Automation_Test_Suite">
                    <span>Chronological view</span>
                  </a> <!-- navigator-link  -->
                </li>
              </ul>
            </div> <!-- suite-section-content -->
            <div class="result-section">
              <div class="suite-section-title">
                <span>Results</span>
              </div> <!-- suite-section-title -->
              <div class="suite-section-content">
                <ul>
                  <li>
                    <span class="method-stats">40 methods,  10 skipped,  30 passed</span>
                  </li>
                  <li>
                    <span class="method-list-title skipped">Skipped methods</span>
                    <span class="show-or-hide-methods skipped">
                      <a href="#" panel-name="suite-tracify_Application_Test_Automation_Test_Suite" class="hide-methods skipped suite-tracify_Application_Test_Automation_Test_Suite"> (hide)</a> <!-- hide-methods skipped suite-tracify_Application_Test_Automation_Test_Suite -->
                      <a href="#" panel-name="suite-tracify_Application_Test_Automation_Test_Suite" class="show-methods skipped suite-tracify_Application_Test_Automation_Test_Suite"> (show)</a> <!-- show-methods skipped suite-tracify_Application_Test_Automation_Test_Suite -->
                    </span>
                    <div class="method-list-content skipped suite-tracify_Application_Test_Automation_Test_Suite">
                      <span>
                        <img width="3%" src="skipped.png"/>
                        <a href="#" class="method navigator-link" panel-name="suite-tracify_Application_Test_Automation_Test_Suite" title="com.herokuapp.qa.tests.CustomerPageTest" hash-for-method="Customer">Customer</a> <!-- method navigator-link -->
                      </span>
                      <br/>
                      <span>
                        <img width="3%" src="skipped.png"/>
                        <a href="#" class="method navigator-link" panel-name="suite-tracify_Application_Test_Automation_Test_Suite" title="com.herokuapp.qa.tests.CustomerFormPageTest" hash-for-method="Customer">Customer</a> <!-- method navigator-link -->
                      </span>
                      <br/>
                      <span>
                        <img width="3%" src="skipped.png"/>
                        <a href="#" class="method navigator-link" panel-name="suite-tracify_Application_Test_Automation_Test_Suite" title="com.herokuapp.qa.tests.VerifyAllDataButtonPageTest" hash-for-method="Importpdf">Importpdf</a> <!-- method navigator-link -->
                      </span>
                      <br/>
                      <span>
                        <img width="3%" src="skipped.png"/>
                        <a href="#" class="method navigator-link" panel-name="suite-tracify_Application_Test_Automation_Test_Suite" title="com.herokuapp.qa.tests.VerifyAllDataButtonPageTest" hash-for-method="Importprint">Importprint</a> <!-- method navigator-link -->
                      </span>
                      <br/>
                      <span>
                        <img width="3%" src="skipped.png"/>
                        <a href="#" class="method navigator-link" panel-name="suite-tracify_Application_Test_Automation_Test_Suite" title="com.herokuapp.qa.tests.ColleaguesPageTest" hash-for-method="colleagues_link">colleagues_link</a> <!-- method navigator-link -->
                      </span>
                      <br/>
                      <span>
                        <img width="3%" src="skipped.png"/>
                        <a href="#" class="method navigator-link" panel-name="suite-tracify_Application_Test_Automation_Test_Suite" title="com.herokuapp.qa.tests.InvalidUserPageTest" hash-for-method="getDecoded">getDecoded</a> <!-- method navigator-link -->
                      </span>
                      <br/>
                      <span>
                        <img width="3%" src="skipped.png"/>
                        <a href="#" class="method navigator-link" panel-name="suite-tracify_Application_Test_Automation_Test_Suite" title="com.herokuapp.qa.tests.VerifyAllDataButtonPageTest" hash-for-method="nextandprevious">nextandprevious</a> <!-- method navigator-link -->
                      </span>
                      <br/>
                      <span>
                        <img width="3%" src="skipped.png"/>
                        <a href="#" class="method navigator-link" panel-name="suite-tracify_Application_Test_Automation_Test_Suite" title="com.herokuapp.qa.tests.InvalidUserPageTest" hash-for-method="veriferror">veriferror</a> <!-- method navigator-link -->
                      </span>
                      <br/>
                      <span>
                        <img width="3%" src="skipped.png"/>
                        <a href="#" class="method navigator-link" panel-name="suite-tracify_Application_Test_Automation_Test_Suite" title="com.herokuapp.qa.tests.InvalidUserPageTest" hash-for-method="verifhtmlmessagebothfiled">verifhtmlmessagebothfiled</a> <!-- method navigator-link -->
                      </span>
                      <br/>
                      <span>
                        <img width="3%" src="skipped.png"/>
                        <a href="#" class="method navigator-link" panel-name="suite-tracify_Application_Test_Automation_Test_Suite" title="com.herokuapp.qa.tests.InvalidUserPageTest" hash-for-method="verifhtmlmessageforpassword">verifhtmlmessageforpassword</a> <!-- method navigator-link -->
                      </span>
                      <br/>
                    </div> <!-- method-list-content skipped suite-tracify_Application_Test_Automation_Test_Suite -->
                  </li>
                  <li>
                    <span class="method-list-title passed">Passed methods</span>
                    <span class="show-or-hide-methods passed">
                      <a href="#" panel-name="suite-tracify_Application_Test_Automation_Test_Suite" class="hide-methods passed suite-tracify_Application_Test_Automation_Test_Suite"> (hide)</a> <!-- hide-methods passed suite-tracify_Application_Test_Automation_Test_Suite -->
                      <a href="#" panel-name="suite-tracify_Application_Test_Automation_Test_Suite" class="show-methods passed suite-tracify_Application_Test_Automation_Test_Suite"> (show)</a> <!-- show-methods passed suite-tracify_Application_Test_Automation_Test_Suite -->
                    </span>
                    <div class="method-list-content passed suite-tracify_Application_Test_Automation_Test_Suite">
                      <span>
                        <img width="3%" src="passed.png"/>
                        <a href="#" class="method navigator-link" panel-name="suite-tracify_Application_Test_Automation_Test_Suite" title="com.herokuapp.qa.tests.BreadcrumbsPageTest" hash-for-method="ClickBreadcumlink">ClickBreadcumlink</a> <!-- method navigator-link -->
                      </span>
                      <br/>
                      <span>
                        <img width="3%" src="passed.png"/>
                        <a href="#" class="method navigator-link" panel-name="suite-tracify_Application_Test_Automation_Test_Suite" title="com.herokuapp.qa.tests.VerifyAllDataButtonPageTest" hash-for-method="Importcopy">Importcopy</a> <!-- method navigator-link -->
                      </span>
                      <br/>
                      <span>
                        <img width="3%" src="passed.png"/>
                        <a href="#" class="method navigator-link" panel-name="suite-tracify_Application_Test_Automation_Test_Suite" title="com.herokuapp.qa.tests.VerifyAllDataButtonPageTest" hash-for-method="Importcsv">Importcsv</a> <!-- method navigator-link -->
                      </span>
                      <br/>
                      <span>
                        <img width="3%" src="passed.png"/>
                        <a href="#" class="method navigator-link" panel-name="suite-tracify_Application_Test_Automation_Test_Suite" title="com.herokuapp.qa.tests.VerifyAllDataButtonPageTest" hash-for-method="Impotexcel">Impotexcel</a> <!-- method navigator-link -->
                      </span>
                      <br/>
                      <span>
                        <img width="3%" src="passed.png"/>
                        <a href="#" class="method navigator-link" panel-name="suite-tracify_Application_Test_Automation_Test_Suite" title="com.herokuapp.qa.tests.MissionProductionPageTest" hash-for-method="VerifyCurrentMission">VerifyCurrentMission</a> <!-- method navigator-link -->
                      </span>
                      <br/>
                      <span>
                        <img width="3%" src="passed.png"/>
                        <a href="#" class="method navigator-link" panel-name="suite-tracify_Application_Test_Automation_Test_Suite" title="com.herokuapp.qa.tests.HomePageTest" hash-for-method="VerifyUserProfileName">VerifyUserProfileName</a> <!-- method navigator-link -->
                      </span>
                      <br/>
                      <span>
                        <img width="3%" src="passed.png"/>
                        <a href="#" class="method navigator-link" panel-name="suite-tracify_Application_Test_Automation_Test_Suite" title="com.herokuapp.qa.tests.MissionProductionPageTest" hash-for-method="allMission">allMission</a> <!-- method navigator-link -->
                      </span>
                      <br/>
                      <span>
                        <img width="3%" src="passed.png"/>
                        <a href="#" class="method navigator-link" panel-name="suite-tracify_Application_Test_Automation_Test_Suite" title="com.herokuapp.qa.tests.LogoutPageTest" hash-for-method="clicklogout">clicklogout</a> <!-- method navigator-link -->
                      </span>
                      <br/>
                      <span>
                        <img width="3%" src="passed.png"/>
                        <a href="#" class="method navigator-link" panel-name="suite-tracify_Application_Test_Automation_Test_Suite" title="com.herokuapp.qa.tests.MissionProductionPageTest" hash-for-method="completeMission">completeMission</a> <!-- method navigator-link -->
                      </span>
                      <br/>
                      <span>
                        <img width="3%" src="passed.png"/>
                        <a href="#" class="method navigator-link" panel-name="suite-tracify_Application_Test_Automation_Test_Suite" title="com.herokuapp.qa.tests.MissionTable_expandPageTest" hash-for-method="expand_table">expand_table</a> <!-- method navigator-link -->
                      </span>
                      <br/>
                      <span>
                        <img width="3%" src="passed.png"/>
                        <a href="#" class="method navigator-link" panel-name="suite-tracify_Application_Test_Automation_Test_Suite" title="com.herokuapp.qa.tests.LoginPageTest" hash-for-method="login">login</a> <!-- method navigator-link -->
                      </span>
                      <br/>
                      <span>
                        <img width="3%" src="passed.png"/>
                        <a href="#" class="method navigator-link" panel-name="suite-tracify_Application_Test_Automation_Test_Suite" title="com.herokuapp.qa.tests.MissionProductionPageTest" hash-for-method="pendingMission">pendingMission</a> <!-- method navigator-link -->
                      </span>
                      <br/>
                      <span>
                        <img width="3%" src="passed.png"/>
                        <a href="#" class="method navigator-link" panel-name="suite-tracify_Application_Test_Automation_Test_Suite" title="com.herokuapp.qa.tests.VerifyAllDataButtonPageTest" hash-for-method="searchandnextprevios_button">searchandnextprevios_button</a> <!-- method navigator-link -->
                      </span>
                      <br/>
                      <span>
                        <img width="3%" src="passed.png"/>
                        <a href="#" class="method navigator-link" panel-name="suite-tracify_Application_Test_Automation_Test_Suite" title="com.herokuapp.qa.tests.EditProfilePageTest" hash-for-method="update(Indore)">update(Indore)</a> <!-- method navigator-link -->
                      </span>
                      <br/>
                      <span>
                        <img width="3%" src="passed.png"/>
                        <a href="#" class="method navigator-link" panel-name="suite-tracify_Application_Test_Automation_Test_Suite" title="com.herokuapp.qa.tests.DeleteMissionPageTest" hash-for-method="veriflabel">veriflabel</a> <!-- method navigator-link -->
                      </span>
                      <br/>
                      <span>
                        <img width="3%" src="passed.png"/>
                        <a href="#" class="method navigator-link" panel-name="suite-tracify_Application_Test_Automation_Test_Suite" title="com.herokuapp.qa.tests.NonAdminUserPageTest" hash-for-method="verifyHomePageTitle(chhotuManual, Chhotu2019+)">verifyHomePageTitle(chhotuManual, Chhotu2019+)</a> <!-- method navigator-link -->
                      </span>
                      <br/>
                      <span>
                        <img width="3%" src="passed.png"/>
                        <a href="#" class="method navigator-link" panel-name="suite-tracify_Application_Test_Automation_Test_Suite" title="com.herokuapp.qa.tests.NonAdminUserPageTest" hash-for-method="verifyHomePageTitle(Testuser748596, Hamaza2019+)">verifyHomePageTitle(Testuser748596, Hamaza2019+)</a> <!-- method navigator-link -->
                      </span>
                      <br/>
                      <span>
                        <img width="3%" src="passed.png"/>
                        <a href="#" class="method navigator-link" panel-name="suite-tracify_Application_Test_Automation_Test_Suite" title="com.herokuapp.qa.tests.NonAdminUserPageTest" hash-for-method="verifyHomePageTitle(ChhotuQa, Chhotu2019+)">verifyHomePageTitle(ChhotuQa, Chhotu2019+)</a> <!-- method navigator-link -->
                      </span>
                      <br/>
                      <span>
                        <img width="3%" src="passed.png"/>
                        <a href="#" class="method navigator-link" panel-name="suite-tracify_Application_Test_Automation_Test_Suite" title="com.herokuapp.qa.tests.NonAdminUserPageTest" hash-for-method="verifyHomePageTitle(Testuser, Hamaza2019+)">verifyHomePageTitle(Testuser, Hamaza2019+)</a> <!-- method navigator-link -->
                      </span>
                      <br/>
                      <span>
                        <img width="3%" src="passed.png"/>
                        <a href="#" class="method navigator-link" panel-name="suite-tracify_Application_Test_Automation_Test_Suite" title="com.herokuapp.qa.tests.HomePageTest" hash-for-method="verifyHomePageTitle">verifyHomePageTitle</a> <!-- method navigator-link -->
                      </span>
                      <br/>
                      <span>
                        <img width="3%" src="passed.png"/>
                        <a href="#" class="method navigator-link" panel-name="suite-tracify_Application_Test_Automation_Test_Suite" title="com.herokuapp.qa.tests.CreateMissionsPageTest" hash-for-method="verifyTableList">verifyTableList</a> <!-- method navigator-link -->
                      </span>
                      <br/>
                      <span>
                        <img width="3%" src="passed.png"/>
                        <a href="#" class="method navigator-link" panel-name="suite-tracify_Application_Test_Automation_Test_Suite" title="com.herokuapp.qa.tests.EditProfilePageTest" hash-for-method="verify_updated_data(Indore)">verify_updated_data(Indore)</a> <!-- method navigator-link -->
                      </span>
                      <br/>
                      <span>
                        <img width="3%" src="passed.png"/>
                        <a href="#" class="method navigator-link" panel-name="suite-tracify_Application_Test_Automation_Test_Suite" title="com.herokuapp.qa.tests.SubDivisonMissionPageTest" hash-for-method="verifyaddmision_as_subdepart(Automation Department, Automation Category, Danone, chhotuManual, chhotuManual, Test Deadline1)">verifyaddmision_as_subdepart(Automation Department, Automation Category, Danone, chhotuManual, chhotuManual, Test Deadline1)</a> <!-- method navigator-link -->
                      </span>
                      <br/>
                      <span>
                        <img width="3%" src="passed.png"/>
                        <a href="#" class="method navigator-link" panel-name="suite-tracify_Application_Test_Automation_Test_Suite" title="com.herokuapp.qa.tests.SubDivisonMissionPageTest" hash-for-method="verifyaddmision_as_subdepart(Testing  New Department, Testing Category, Client 1, chhotuManual, chhotuManual, Test Deadline1)">verifyaddmision_as_subdepart(Testing  New Department, Testing Category, Client 1, chhotuManual, chhotuManual, Test Deadline1)</a> <!-- method navigator-link -->
                      </span>
                      <br/>
                      <span>
                        <img width="3%" src="passed.png"/>
                        <a href="#" class="method navigator-link" panel-name="suite-tracify_Application_Test_Automation_Test_Suite" title="com.herokuapp.qa.tests.LoginPageTest" hash-for-method="verifyloginpagetitle">verifyloginpagetitle</a> <!-- method navigator-link -->
                      </span>
                      <br/>
                      <span>
                        <img width="3%" src="passed.png"/>
                        <a href="#" class="method navigator-link" panel-name="suite-tracify_Application_Test_Automation_Test_Suite" title="com.herokuapp.qa.tests.CancelMissionPageTest" hash-for-method="verifymissionlabel">verifymissionlabel</a> <!-- method navigator-link -->
                      </span>
                      <br/>
                      <span>
                        <img width="3%" src="passed.png"/>
                        <a href="#" class="method navigator-link" panel-name="suite-tracify_Application_Test_Automation_Test_Suite" title="com.herokuapp.qa.tests.CreateMissionsPageTest" hash-for-method="verifymissionlabel(Automation Department, Automation Category, Danone, chhotuManual, chhotuManual, Test Deadline1)">verifymissionlabel(Automation Department, Automation Category, Danone, chhotuManual, chhotuManual, Test Deadline1)</a> <!-- method navigator-link -->
                      </span>
                      <br/>
                      <span>
                        <img width="3%" src="passed.png"/>
                        <a href="#" class="method navigator-link" panel-name="suite-tracify_Application_Test_Automation_Test_Suite" title="com.herokuapp.qa.tests.UpdateMissionPageTest" hash-for-method="verifymissionlabel">verifymissionlabel</a> <!-- method navigator-link -->
                      </span>
                      <br/>
                      <span>
                        <img width="3%" src="passed.png"/>
                        <a href="#" class="method navigator-link" panel-name="suite-tracify_Application_Test_Automation_Test_Suite" title="com.herokuapp.qa.tests.FollowupcreatedMissionPageTest" hash-for-method="verifymissionlabel(Follow Up Mission, Follow up chhotu, Client 1, chhotuManual, chhotuManual, Test Deadline 2)">verifymissionlabel(Follow Up Mission, Follow up chhotu, Client 1, chhotuManual, chhotuManual, Test Deadline 2)</a> <!-- method navigator-link -->
                      </span>
                      <br/>
                      <span>
                        <img width="3%" src="passed.png"/>
                        <a href="#" class="method navigator-link" panel-name="suite-tracify_Application_Test_Automation_Test_Suite" title="com.herokuapp.qa.tests.CreateMissionsPageTest" hash-for-method="verifymissionlabel(Testing  New Department, Testing Category, Client 1, chhotuManual, chhotuManual, Test Deadline1)">verifymissionlabel(Testing  New Department, Testing Category, Client 1, chhotuManual, chhotuManual, Test Deadline1)</a> <!-- method navigator-link -->
                      </span>
                      <br/>
                    </div> <!-- method-list-content passed suite-tracify_Application_Test_Automation_Test_Suite -->
                  </li>
                </ul>
              </div> <!-- suite-section-content -->
            </div> <!-- result-section -->
          </div> <!-- navigator-suite-content -->
        </div> <!-- rounded-window -->
      </div> <!-- suite -->
    </div> <!-- navigator-root -->
    <div class="wrapper">
      <div class="main-panel-root">
        <div panel-name="suite-tracify_Application_Test_Automation_Test_Suite" class="panel tracify_Application_Test_Automation_Test_Suite">
          <div class="suite-tracify_Application_Test_Automation_Test_Suite-class-skipped">
            <div class="main-panel-header rounded-window-top">
              <img src="skipped.png"/>
              <span class="class-name">com.herokuapp.qa.tests.VerifyAllDataButtonPageTest</span>
            </div> <!-- main-panel-header rounded-window-top -->
            <div class="main-panel-content rounded-window-bottom">
              <div class="method">
                <div class="method-content">
                  <a name="Importpdf">
                  </a> <!-- Importpdf -->
                  <span class="method-name">Importpdf</span>
                  <div class="stack-trace">org.openqa.selenium.TimeoutException: timeout
  (Session info: chrome=77.0.3865.90)
Build info: version: &apos;3.12.0&apos;, revision: &apos;7c6e0b3&apos;, time: &apos;2018-05-08T14:04:26.12Z&apos;
System info: host: &apos;AMW-G1&apos;, ip: &apos;10.0.75.1&apos;, os.name: &apos;Windows 10&apos;, os.arch: &apos;amd64&apos;, os.version: &apos;10.0&apos;, java.version: &apos;1.8.0_201&apos;
Driver info: org.openqa.selenium.remote.RemoteWebDriver
Capabilities {acceptInsecureCerts: false, browserName: chrome, browserVersion: 77.0.3865.90, chrome: {chromedriverVersion: 76.0.3809.68 (420c9498db8ce..., userDataDir: C:\WINDOWS\TEMP\scoped_dir1...}, goog:chromeOptions: {debuggerAddress: localhost:53474}, javascriptEnabled: true, networkConnectionEnabled: false, pageLoadStrategy: normal, platform: XP, platformName: XP, proxy: Proxy(), setWindowRect: true, strictFileInteractability: false, timeouts: {implicit: 0, pageLoad: 300000, script: 30000}, unhandledPromptBehavior: dismiss and notify, webdriver.remote.sessionid: ef10878b2ac025e478590385e48...}
Session ID: ef10878b2ac025e478590385e48a78fd
	at org.openqa.selenium.remote.http.W3CHttpResponseCodec.createException(W3CHttpResponseCodec.java:187)
	at org.openqa.selenium.remote.http.W3CHttpResponseCodec.decode(W3CHttpResponseCodec.java:122)
	at org.openqa.selenium.remote.http.W3CHttpResponseCodec.decode(W3CHttpResponseCodec.java:49)
	at org.openqa.selenium.remote.HttpCommandExecutor.execute(HttpCommandExecutor.java:158)
	at org.openqa.selenium.remote.RemoteWebDriver.execute(RemoteWebDriver.java:543)
	at org.openqa.selenium.remote.RemoteWebDriver.get(RemoteWebDriver.java:271)
	at org.openqa.selenium.support.events.EventFiringWebDriver.lambda$new$1(EventFiringWebDriver.java:103)
	at com.sun.proxy.$Proxy8.get(Unknown Source)
	at org.openqa.selenium.support.events.EventFiringWebDriver.get(EventFiringWebDriver.java:161)
	at com.herokuapp.qa.base.Base.initialization(Base.java:99)
	at com.herokuapp.qa.tests.VerifyAllDataButtonPageTest.setup(VerifyAllDataButtonPageTest.java:23)
... Removed 35 stack frames
</div> <!-- stack-trace -->
                  <em>
(verify the pdf button)                  </em>
                </div> <!-- method-content -->
              </div> <!-- method -->
              <div class="method">
                <div class="method-content">
                  <a name="Importprint">
                  </a> <!-- Importprint -->
                  <span class="method-name">Importprint</span>
                  <div class="stack-trace">org.openqa.selenium.TimeoutException: timeout
  (Session info: chrome=77.0.3865.90)
Build info: version: &apos;3.12.0&apos;, revision: &apos;7c6e0b3&apos;, time: &apos;2018-05-08T14:04:26.12Z&apos;
System info: host: &apos;AMW-G1&apos;, ip: &apos;10.0.75.1&apos;, os.name: &apos;Windows 10&apos;, os.arch: &apos;amd64&apos;, os.version: &apos;10.0&apos;, java.version: &apos;1.8.0_201&apos;
Driver info: org.openqa.selenium.remote.RemoteWebDriver
Capabilities {acceptInsecureCerts: false, browserName: chrome, browserVersion: 77.0.3865.90, chrome: {chromedriverVersion: 76.0.3809.68 (420c9498db8ce..., userDataDir: C:\WINDOWS\TEMP\scoped_dir1...}, goog:chromeOptions: {debuggerAddress: localhost:53474}, javascriptEnabled: true, networkConnectionEnabled: false, pageLoadStrategy: normal, platform: XP, platformName: XP, proxy: Proxy(), setWindowRect: true, strictFileInteractability: false, timeouts: {implicit: 0, pageLoad: 300000, script: 30000}, unhandledPromptBehavior: dismiss and notify, webdriver.remote.sessionid: ef10878b2ac025e478590385e48...}
Session ID: ef10878b2ac025e478590385e48a78fd
	at org.openqa.selenium.remote.http.W3CHttpResponseCodec.createException(W3CHttpResponseCodec.java:187)
	at org.openqa.selenium.remote.http.W3CHttpResponseCodec.decode(W3CHttpResponseCodec.java:122)
	at org.openqa.selenium.remote.http.W3CHttpResponseCodec.decode(W3CHttpResponseCodec.java:49)
	at org.openqa.selenium.remote.HttpCommandExecutor.execute(HttpCommandExecutor.java:158)
	at org.openqa.selenium.remote.RemoteWebDriver.execute(RemoteWebDriver.java:543)
	at org.openqa.selenium.remote.RemoteWebDriver.get(RemoteWebDriver.java:271)
	at org.openqa.selenium.support.events.EventFiringWebDriver.lambda$new$1(EventFiringWebDriver.java:103)
	at com.sun.proxy.$Proxy8.get(Unknown Source)
	at org.openqa.selenium.support.events.EventFiringWebDriver.get(EventFiringWebDriver.java:161)
	at com.herokuapp.qa.base.Base.initialization(Base.java:99)
	at com.herokuapp.qa.tests.VerifyAllDataButtonPageTest.setup(VerifyAllDataButtonPageTest.java:23)
... Removed 35 stack frames
</div> <!-- stack-trace -->
                  <em>
(verify the print button)                  </em>
                </div> <!-- method-content -->
              </div> <!-- method -->
              <div class="method">
                <div class="method-content">
                  <a name="nextandprevious">
                  </a> <!-- nextandprevious -->
                  <span class="method-name">nextandprevious</span>
                  <div class="stack-trace">org.openqa.selenium.TimeoutException: timeout
  (Session info: chrome=77.0.3865.90)
Build info: version: &apos;3.12.0&apos;, revision: &apos;7c6e0b3&apos;, time: &apos;2018-05-08T14:04:26.12Z&apos;
System info: host: &apos;AMW-G1&apos;, ip: &apos;10.0.75.1&apos;, os.name: &apos;Windows 10&apos;, os.arch: &apos;amd64&apos;, os.version: &apos;10.0&apos;, java.version: &apos;1.8.0_201&apos;
Driver info: org.openqa.selenium.remote.RemoteWebDriver
Capabilities {acceptInsecureCerts: false, browserName: chrome, browserVersion: 77.0.3865.90, chrome: {chromedriverVersion: 76.0.3809.68 (420c9498db8ce..., userDataDir: C:\WINDOWS\TEMP\scoped_dir1...}, goog:chromeOptions: {debuggerAddress: localhost:53474}, javascriptEnabled: true, networkConnectionEnabled: false, pageLoadStrategy: normal, platform: XP, platformName: XP, proxy: Proxy(), setWindowRect: true, strictFileInteractability: false, timeouts: {implicit: 0, pageLoad: 300000, script: 30000}, unhandledPromptBehavior: dismiss and notify, webdriver.remote.sessionid: ef10878b2ac025e478590385e48...}
Session ID: ef10878b2ac025e478590385e48a78fd
	at org.openqa.selenium.remote.http.W3CHttpResponseCodec.createException(W3CHttpResponseCodec.java:187)
	at org.openqa.selenium.remote.http.W3CHttpResponseCodec.decode(W3CHttpResponseCodec.java:122)
	at org.openqa.selenium.remote.http.W3CHttpResponseCodec.decode(W3CHttpResponseCodec.java:49)
	at org.openqa.selenium.remote.HttpCommandExecutor.execute(HttpCommandExecutor.java:158)
	at org.openqa.selenium.remote.RemoteWebDriver.execute(RemoteWebDriver.java:543)
	at org.openqa.selenium.remote.RemoteWebDriver.get(RemoteWebDriver.java:271)
	at org.openqa.selenium.support.events.EventFiringWebDriver.lambda$new$1(EventFiringWebDriver.java:103)
	at com.sun.proxy.$Proxy8.get(Unknown Source)
	at org.openqa.selenium.support.events.EventFiringWebDriver.get(EventFiringWebDriver.java:161)
	at com.herokuapp.qa.base.Base.initialization(Base.java:99)
	at com.herokuapp.qa.tests.VerifyAllDataButtonPageTest.setup(VerifyAllDataButtonPageTest.java:23)
... Removed 35 stack frames
</div> <!-- stack-trace -->
                  <em>
(verify next and previous button)                  </em>
                </div> <!-- method-content -->
              </div> <!-- method -->
            </div> <!-- main-panel-content rounded-window-bottom -->
          </div> <!-- suite-tracify_Application_Test_Automation_Test_Suite-class-skipped -->
          <div class="suite-tracify_Application_Test_Automation_Test_Suite-class-skipped">
            <div class="main-panel-header rounded-window-top">
              <img src="skipped.png"/>
              <span class="class-name">com.herokuapp.qa.tests.ColleaguesPageTest</span>
            </div> <!-- main-panel-header rounded-window-top -->
            <div class="main-panel-content rounded-window-bottom">
              <div class="method">
                <div class="method-content">
                  <a name="colleagues_link">
                  </a> <!-- colleagues_link -->
                  <span class="method-name">colleagues_link</span>
                  <div class="stack-trace">org.openqa.selenium.TimeoutException: timeout
  (Session info: chrome=77.0.3865.90)
Build info: version: &apos;3.12.0&apos;, revision: &apos;7c6e0b3&apos;, time: &apos;2018-05-08T14:04:26.12Z&apos;
System info: host: &apos;AMW-G1&apos;, ip: &apos;10.0.75.1&apos;, os.name: &apos;Windows 10&apos;, os.arch: &apos;amd64&apos;, os.version: &apos;10.0&apos;, java.version: &apos;1.8.0_201&apos;
Driver info: org.openqa.selenium.remote.RemoteWebDriver
Capabilities {acceptInsecureCerts: false, browserName: chrome, browserVersion: 77.0.3865.90, chrome: {chromedriverVersion: 76.0.3809.68 (420c9498db8ce..., userDataDir: C:\WINDOWS\TEMP\scoped_dir1...}, goog:chromeOptions: {debuggerAddress: localhost:53474}, javascriptEnabled: true, networkConnectionEnabled: false, pageLoadStrategy: normal, platform: XP, platformName: XP, proxy: Proxy(), setWindowRect: true, strictFileInteractability: false, timeouts: {implicit: 0, pageLoad: 300000, script: 30000}, unhandledPromptBehavior: dismiss and notify, webdriver.remote.sessionid: ef10878b2ac025e478590385e48...}
Session ID: ef10878b2ac025e478590385e48a78fd
	at org.openqa.selenium.remote.http.W3CHttpResponseCodec.createException(W3CHttpResponseCodec.java:187)
	at org.openqa.selenium.remote.http.W3CHttpResponseCodec.decode(W3CHttpResponseCodec.java:122)
	at org.openqa.selenium.remote.http.W3CHttpResponseCodec.decode(W3CHttpResponseCodec.java:49)
	at org.openqa.selenium.remote.HttpCommandExecutor.execute(HttpCommandExecutor.java:158)
	at org.openqa.selenium.remote.RemoteWebDriver.execute(RemoteWebDriver.java:543)
	at org.openqa.selenium.remote.RemoteWebDriver.get(RemoteWebDriver.java:271)
	at org.openqa.selenium.support.events.EventFiringWebDriver.lambda$new$1(EventFiringWebDriver.java:103)
	at com.sun.proxy.$Proxy8.get(Unknown Source)
	at org.openqa.selenium.support.events.EventFiringWebDriver.get(EventFiringWebDriver.java:161)
	at com.herokuapp.qa.base.Base.initialization(Base.java:99)
	at com.herokuapp.qa.tests.VerifyAllDataButtonPageTest.setup(VerifyAllDataButtonPageTest.java:23)
... Removed 35 stack frames
</div> <!-- stack-trace -->
                  <em>
(Test ColleaguesPage)                  </em>
                </div> <!-- method-content -->
              </div> <!-- method -->
            </div> <!-- main-panel-content rounded-window-bottom -->
          </div> <!-- suite-tracify_Application_Test_Automation_Test_Suite-class-skipped -->
          <div class="suite-tracify_Application_Test_Automation_Test_Suite-class-skipped">
            <div class="main-panel-header rounded-window-top">
              <img src="skipped.png"/>
              <span class="class-name">com.herokuapp.qa.tests.InvalidUserPageTest</span>
            </div> <!-- main-panel-header rounded-window-top -->
            <div class="main-panel-content rounded-window-bottom">
              <div class="method">
                <div class="method-content">
                  <a name="getDecoded">
                  </a> <!-- getDecoded -->
                  <span class="method-name">getDecoded</span>
                  <div class="stack-trace">org.openqa.selenium.TimeoutException: timeout
  (Session info: chrome=77.0.3865.90)
Build info: version: &apos;3.12.0&apos;, revision: &apos;7c6e0b3&apos;, time: &apos;2018-05-08T14:04:26.12Z&apos;
System info: host: &apos;AMW-G1&apos;, ip: &apos;10.0.75.1&apos;, os.name: &apos;Windows 10&apos;, os.arch: &apos;amd64&apos;, os.version: &apos;10.0&apos;, java.version: &apos;1.8.0_201&apos;
Driver info: org.openqa.selenium.remote.RemoteWebDriver
Capabilities {acceptInsecureCerts: false, browserName: chrome, browserVersion: 77.0.3865.90, chrome: {chromedriverVersion: 76.0.3809.68 (420c9498db8ce..., userDataDir: C:\WINDOWS\TEMP\scoped_dir1...}, goog:chromeOptions: {debuggerAddress: localhost:53474}, javascriptEnabled: true, networkConnectionEnabled: false, pageLoadStrategy: normal, platform: XP, platformName: XP, proxy: Proxy(), setWindowRect: true, strictFileInteractability: false, timeouts: {implicit: 0, pageLoad: 300000, script: 30000}, unhandledPromptBehavior: dismiss and notify, webdriver.remote.sessionid: ef10878b2ac025e478590385e48...}
Session ID: ef10878b2ac025e478590385e48a78fd
	at org.openqa.selenium.remote.http.W3CHttpResponseCodec.createException(W3CHttpResponseCodec.java:187)
	at org.openqa.selenium.remote.http.W3CHttpResponseCodec.decode(W3CHttpResponseCodec.java:122)
	at org.openqa.selenium.remote.http.W3CHttpResponseCodec.decode(W3CHttpResponseCodec.java:49)
	at org.openqa.selenium.remote.HttpCommandExecutor.execute(HttpCommandExecutor.java:158)
	at org.openqa.selenium.remote.RemoteWebDriver.execute(RemoteWebDriver.java:543)
	at org.openqa.selenium.remote.RemoteWebDriver.get(RemoteWebDriver.java:271)
	at org.openqa.selenium.support.events.EventFiringWebDriver.lambda$new$1(EventFiringWebDriver.java:103)
	at com.sun.proxy.$Proxy8.get(Unknown Source)
	at org.openqa.selenium.support.events.EventFiringWebDriver.get(EventFiringWebDriver.java:161)
	at com.herokuapp.qa.base.Base.initialization(Base.java:99)
	at com.herokuapp.qa.tests.VerifyAllDataButtonPageTest.setup(VerifyAllDataButtonPageTest.java:23)
... Removed 35 stack frames
</div> <!-- stack-trace -->
                  <em>
(verify encrypted password)                  </em>
                </div> <!-- method-content -->
              </div> <!-- method -->
              <div class="method">
                <div class="method-content">
                  <a name="veriferror">
                  </a> <!-- veriferror -->
                  <span class="method-name">veriferror</span>
                  <div class="stack-trace">org.openqa.selenium.TimeoutException: timeout
  (Session info: chrome=77.0.3865.90)
Build info: version: &apos;3.12.0&apos;, revision: &apos;7c6e0b3&apos;, time: &apos;2018-05-08T14:04:26.12Z&apos;
System info: host: &apos;AMW-G1&apos;, ip: &apos;10.0.75.1&apos;, os.name: &apos;Windows 10&apos;, os.arch: &apos;amd64&apos;, os.version: &apos;10.0&apos;, java.version: &apos;1.8.0_201&apos;
Driver info: org.openqa.selenium.remote.RemoteWebDriver
Capabilities {acceptInsecureCerts: false, browserName: chrome, browserVersion: 77.0.3865.90, chrome: {chromedriverVersion: 76.0.3809.68 (420c9498db8ce..., userDataDir: C:\WINDOWS\TEMP\scoped_dir1...}, goog:chromeOptions: {debuggerAddress: localhost:53474}, javascriptEnabled: true, networkConnectionEnabled: false, pageLoadStrategy: normal, platform: XP, platformName: XP, proxy: Proxy(), setWindowRect: true, strictFileInteractability: false, timeouts: {implicit: 0, pageLoad: 300000, script: 30000}, unhandledPromptBehavior: dismiss and notify, webdriver.remote.sessionid: ef10878b2ac025e478590385e48...}
Session ID: ef10878b2ac025e478590385e48a78fd
	at org.openqa.selenium.remote.http.W3CHttpResponseCodec.createException(W3CHttpResponseCodec.java:187)
	at org.openqa.selenium.remote.http.W3CHttpResponseCodec.decode(W3CHttpResponseCodec.java:122)
	at org.openqa.selenium.remote.http.W3CHttpResponseCodec.decode(W3CHttpResponseCodec.java:49)
	at org.openqa.selenium.remote.HttpCommandExecutor.execute(HttpCommandExecutor.java:158)
	at org.openqa.selenium.remote.RemoteWebDriver.execute(RemoteWebDriver.java:543)
	at org.openqa.selenium.remote.RemoteWebDriver.get(RemoteWebDriver.java:271)
	at org.openqa.selenium.support.events.EventFiringWebDriver.lambda$new$1(EventFiringWebDriver.java:103)
	at com.sun.proxy.$Proxy8.get(Unknown Source)
	at org.openqa.selenium.support.events.EventFiringWebDriver.get(EventFiringWebDriver.java:161)
	at com.herokuapp.qa.base.Base.initialization(Base.java:99)
	at com.herokuapp.qa.tests.VerifyAllDataButtonPageTest.setup(VerifyAllDataButtonPageTest.java:23)
... Removed 35 stack frames
</div> <!-- stack-trace -->
                  <em>
(Fills the crate mission filed)                  </em>
                </div> <!-- method-content -->
              </div> <!-- method -->
              <div class="method">
                <div class="method-content">
                  <a name="verifhtmlmessagebothfiled">
                  </a> <!-- verifhtmlmessagebothfiled -->
                  <span class="method-name">verifhtmlmessagebothfiled</span>
                  <div class="stack-trace">org.openqa.selenium.TimeoutException: timeout
  (Session info: chrome=77.0.3865.90)
Build info: version: &apos;3.12.0&apos;, revision: &apos;7c6e0b3&apos;, time: &apos;2018-05-08T14:04:26.12Z&apos;
System info: host: &apos;AMW-G1&apos;, ip: &apos;10.0.75.1&apos;, os.name: &apos;Windows 10&apos;, os.arch: &apos;amd64&apos;, os.version: &apos;10.0&apos;, java.version: &apos;1.8.0_201&apos;
Driver info: org.openqa.selenium.remote.RemoteWebDriver
Capabilities {acceptInsecureCerts: false, browserName: chrome, browserVersion: 77.0.3865.90, chrome: {chromedriverVersion: 76.0.3809.68 (420c9498db8ce..., userDataDir: C:\WINDOWS\TEMP\scoped_dir1...}, goog:chromeOptions: {debuggerAddress: localhost:53474}, javascriptEnabled: true, networkConnectionEnabled: false, pageLoadStrategy: normal, platform: XP, platformName: XP, proxy: Proxy(), setWindowRect: true, strictFileInteractability: false, timeouts: {implicit: 0, pageLoad: 300000, script: 30000}, unhandledPromptBehavior: dismiss and notify, webdriver.remote.sessionid: ef10878b2ac025e478590385e48...}
Session ID: ef10878b2ac025e478590385e48a78fd
	at org.openqa.selenium.remote.http.W3CHttpResponseCodec.createException(W3CHttpResponseCodec.java:187)
	at org.openqa.selenium.remote.http.W3CHttpResponseCodec.decode(W3CHttpResponseCodec.java:122)
	at org.openqa.selenium.remote.http.W3CHttpResponseCodec.decode(W3CHttpResponseCodec.java:49)
	at org.openqa.selenium.remote.HttpCommandExecutor.execute(HttpCommandExecutor.java:158)
	at org.openqa.selenium.remote.RemoteWebDriver.execute(RemoteWebDriver.java:543)
	at org.openqa.selenium.remote.RemoteWebDriver.get(RemoteWebDriver.java:271)
	at org.openqa.selenium.support.events.EventFiringWebDriver.lambda$new$1(EventFiringWebDriver.java:103)
	at com.sun.proxy.$Proxy8.get(Unknown Source)
	at org.openqa.selenium.support.events.EventFiringWebDriver.get(EventFiringWebDriver.java:161)
	at com.herokuapp.qa.base.Base.initialization(Base.java:99)
	at com.herokuapp.qa.tests.VerifyAllDataButtonPageTest.setup(VerifyAllDataButtonPageTest.java:23)
... Removed 35 stack frames
</div> <!-- stack-trace -->
                  <em>
(verify the empty data)                  </em>
                </div> <!-- method-content -->
              </div> <!-- method -->
              <div class="method">
                <div class="method-content">
                  <a name="verifhtmlmessageforpassword">
                  </a> <!-- verifhtmlmessageforpassword -->
                  <span class="method-name">verifhtmlmessageforpassword</span>
                  <div class="stack-trace">org.openqa.selenium.TimeoutException: timeout
  (Session info: chrome=77.0.3865.90)
Build info: version: &apos;3.12.0&apos;, revision: &apos;7c6e0b3&apos;, time: &apos;2018-05-08T14:04:26.12Z&apos;
System info: host: &apos;AMW-G1&apos;, ip: &apos;10.0.75.1&apos;, os.name: &apos;Windows 10&apos;, os.arch: &apos;amd64&apos;, os.version: &apos;10.0&apos;, java.version: &apos;1.8.0_201&apos;
Driver info: org.openqa.selenium.remote.RemoteWebDriver
Capabilities {acceptInsecureCerts: false, browserName: chrome, browserVersion: 77.0.3865.90, chrome: {chromedriverVersion: 76.0.3809.68 (420c9498db8ce..., userDataDir: C:\WINDOWS\TEMP\scoped_dir1...}, goog:chromeOptions: {debuggerAddress: localhost:53474}, javascriptEnabled: true, networkConnectionEnabled: false, pageLoadStrategy: normal, platform: XP, platformName: XP, proxy: Proxy(), setWindowRect: true, strictFileInteractability: false, timeouts: {implicit: 0, pageLoad: 300000, script: 30000}, unhandledPromptBehavior: dismiss and notify, webdriver.remote.sessionid: ef10878b2ac025e478590385e48...}
Session ID: ef10878b2ac025e478590385e48a78fd
	at org.openqa.selenium.remote.http.W3CHttpResponseCodec.createException(W3CHttpResponseCodec.java:187)
	at org.openqa.selenium.remote.http.W3CHttpResponseCodec.decode(W3CHttpResponseCodec.java:122)
	at org.openqa.selenium.remote.http.W3CHttpResponseCodec.decode(W3CHttpResponseCodec.java:49)
	at org.openqa.selenium.remote.HttpCommandExecutor.execute(HttpCommandExecutor.java:158)
	at org.openqa.selenium.remote.RemoteWebDriver.execute(RemoteWebDriver.java:543)
	at org.openqa.selenium.remote.RemoteWebDriver.get(RemoteWebDriver.java:271)
	at org.openqa.selenium.support.events.EventFiringWebDriver.lambda$new$1(EventFiringWebDriver.java:103)
	at com.sun.proxy.$Proxy8.get(Unknown Source)
	at org.openqa.selenium.support.events.EventFiringWebDriver.get(EventFiringWebDriver.java:161)
	at com.herokuapp.qa.base.Base.initialization(Base.java:99)
	at com.herokuapp.qa.tests.VerifyAllDataButtonPageTest.setup(VerifyAllDataButtonPageTest.java:23)
... Removed 35 stack frames
</div> <!-- stack-trace -->
                  <em>
(verify the empty for password filed)                  </em>
                </div> <!-- method-content -->
              </div> <!-- method -->
            </div> <!-- main-panel-content rounded-window-bottom -->
          </div> <!-- suite-tracify_Application_Test_Automation_Test_Suite-class-skipped -->
          <div class="suite-tracify_Application_Test_Automation_Test_Suite-class-skipped">
            <div class="main-panel-header rounded-window-top">
              <img src="skipped.png"/>
              <span class="class-name">com.herokuapp.qa.tests.CustomerPageTest</span>
            </div> <!-- main-panel-header rounded-window-top -->
            <div class="main-panel-content rounded-window-bottom">
              <div class="method">
                <div class="method-content">
                  <a name="Customer">
                  </a> <!-- Customer -->
                  <span class="method-name">Customer</span>
                  <div class="stack-trace">org.openqa.selenium.TimeoutException: timeout
  (Session info: chrome=77.0.3865.90)
Build info: version: &apos;3.12.0&apos;, revision: &apos;7c6e0b3&apos;, time: &apos;2018-05-08T14:04:26.12Z&apos;
System info: host: &apos;AMW-G1&apos;, ip: &apos;10.0.75.1&apos;, os.name: &apos;Windows 10&apos;, os.arch: &apos;amd64&apos;, os.version: &apos;10.0&apos;, java.version: &apos;1.8.0_201&apos;
Driver info: org.openqa.selenium.remote.RemoteWebDriver
Capabilities {acceptInsecureCerts: false, browserName: chrome, browserVersion: 77.0.3865.90, chrome: {chromedriverVersion: 76.0.3809.68 (420c9498db8ce..., userDataDir: C:\WINDOWS\TEMP\scoped_dir1...}, goog:chromeOptions: {debuggerAddress: localhost:53474}, javascriptEnabled: true, networkConnectionEnabled: false, pageLoadStrategy: normal, platform: XP, platformName: XP, proxy: Proxy(), setWindowRect: true, strictFileInteractability: false, timeouts: {implicit: 0, pageLoad: 300000, script: 30000}, unhandledPromptBehavior: dismiss and notify, webdriver.remote.sessionid: ef10878b2ac025e478590385e48...}
Session ID: ef10878b2ac025e478590385e48a78fd
	at org.openqa.selenium.remote.http.W3CHttpResponseCodec.createException(W3CHttpResponseCodec.java:187)
	at org.openqa.selenium.remote.http.W3CHttpResponseCodec.decode(W3CHttpResponseCodec.java:122)
	at org.openqa.selenium.remote.http.W3CHttpResponseCodec.decode(W3CHttpResponseCodec.java:49)
	at org.openqa.selenium.remote.HttpCommandExecutor.execute(HttpCommandExecutor.java:158)
	at org.openqa.selenium.remote.RemoteWebDriver.execute(RemoteWebDriver.java:543)
	at org.openqa.selenium.remote.RemoteWebDriver.get(RemoteWebDriver.java:271)
	at org.openqa.selenium.support.events.EventFiringWebDriver.lambda$new$1(EventFiringWebDriver.java:103)
	at com.sun.proxy.$Proxy8.get(Unknown Source)
	at org.openqa.selenium.support.events.EventFiringWebDriver.get(EventFiringWebDriver.java:161)
	at com.herokuapp.qa.base.Base.initialization(Base.java:99)
	at com.herokuapp.qa.tests.VerifyAllDataButtonPageTest.setup(VerifyAllDataButtonPageTest.java:23)
... Removed 35 stack frames
</div> <!-- stack-trace -->
                  <em>
(verify the all CTA on customer page)                  </em>
                </div> <!-- method-content -->
              </div> <!-- method -->
            </div> <!-- main-panel-content rounded-window-bottom -->
          </div> <!-- suite-tracify_Application_Test_Automation_Test_Suite-class-skipped -->
          <div class="suite-tracify_Application_Test_Automation_Test_Suite-class-skipped">
            <div class="main-panel-header rounded-window-top">
              <img src="skipped.png"/>
              <span class="class-name">com.herokuapp.qa.tests.CustomerFormPageTest</span>
            </div> <!-- main-panel-header rounded-window-top -->
            <div class="main-panel-content rounded-window-bottom">
              <div class="method">
                <div class="method-content">
                  <a name="Customer">
                  </a> <!-- Customer -->
                  <span class="method-name">Customer</span>
                  <div class="stack-trace">org.openqa.selenium.TimeoutException: timeout
  (Session info: chrome=77.0.3865.90)
Build info: version: &apos;3.12.0&apos;, revision: &apos;7c6e0b3&apos;, time: &apos;2018-05-08T14:04:26.12Z&apos;
System info: host: &apos;AMW-G1&apos;, ip: &apos;10.0.75.1&apos;, os.name: &apos;Windows 10&apos;, os.arch: &apos;amd64&apos;, os.version: &apos;10.0&apos;, java.version: &apos;1.8.0_201&apos;
Driver info: org.openqa.selenium.remote.RemoteWebDriver
Capabilities {acceptInsecureCerts: false, browserName: chrome, browserVersion: 77.0.3865.90, chrome: {chromedriverVersion: 76.0.3809.68 (420c9498db8ce..., userDataDir: C:\WINDOWS\TEMP\scoped_dir1...}, goog:chromeOptions: {debuggerAddress: localhost:53474}, javascriptEnabled: true, networkConnectionEnabled: false, pageLoadStrategy: normal, platform: XP, platformName: XP, proxy: Proxy(), setWindowRect: true, strictFileInteractability: false, timeouts: {implicit: 0, pageLoad: 300000, script: 30000}, unhandledPromptBehavior: dismiss and notify, webdriver.remote.sessionid: ef10878b2ac025e478590385e48...}
Session ID: ef10878b2ac025e478590385e48a78fd
	at org.openqa.selenium.remote.http.W3CHttpResponseCodec.createException(W3CHttpResponseCodec.java:187)
	at org.openqa.selenium.remote.http.W3CHttpResponseCodec.decode(W3CHttpResponseCodec.java:122)
	at org.openqa.selenium.remote.http.W3CHttpResponseCodec.decode(W3CHttpResponseCodec.java:49)
	at org.openqa.selenium.remote.HttpCommandExecutor.execute(HttpCommandExecutor.java:158)
	at org.openqa.selenium.remote.RemoteWebDriver.execute(RemoteWebDriver.java:543)
	at org.openqa.selenium.remote.RemoteWebDriver.get(RemoteWebDriver.java:271)
	at org.openqa.selenium.support.events.EventFiringWebDriver.lambda$new$1(EventFiringWebDriver.java:103)
	at com.sun.proxy.$Proxy8.get(Unknown Source)
	at org.openqa.selenium.support.events.EventFiringWebDriver.get(EventFiringWebDriver.java:161)
	at com.herokuapp.qa.base.Base.initialization(Base.java:99)
	at com.herokuapp.qa.tests.VerifyAllDataButtonPageTest.setup(VerifyAllDataButtonPageTest.java:23)
... Removed 35 stack frames
</div> <!-- stack-trace -->
                  <em>
(Fill the customer form details)                  </em>
                </div> <!-- method-content -->
              </div> <!-- method -->
            </div> <!-- main-panel-content rounded-window-bottom -->
          </div> <!-- suite-tracify_Application_Test_Automation_Test_Suite-class-skipped -->
          <div class="suite-tracify_Application_Test_Automation_Test_Suite-class-passed">
            <div class="main-panel-header rounded-window-top">
              <img src="passed.png"/>
              <span class="class-name">com.herokuapp.qa.tests.HomePageTest</span>
            </div> <!-- main-panel-header rounded-window-top -->
            <div class="main-panel-content rounded-window-bottom">
              <div class="method">
                <div class="method-content">
                  <a name="VerifyUserProfileName">
                  </a> <!-- VerifyUserProfileName -->
                  <span class="method-name">VerifyUserProfileName</span>
                  <em>
(Validation the userprofile name)                  </em>
                </div> <!-- method-content -->
              </div> <!-- method -->
              <div class="method">
                <div class="method-content">
                  <a name="verifyHomePageTitle">
                  </a> <!-- verifyHomePageTitle -->
                  <span class="method-name">verifyHomePageTitle</span>
                  <em>
(Validation the home page title)                  </em>
                </div> <!-- method-content -->
              </div> <!-- method -->
            </div> <!-- main-panel-content rounded-window-bottom -->
          </div> <!-- suite-tracify_Application_Test_Automation_Test_Suite-class-passed -->
          <div class="suite-tracify_Application_Test_Automation_Test_Suite-class-passed">
            <div class="main-panel-header rounded-window-top">
              <img src="passed.png"/>
              <span class="class-name">com.herokuapp.qa.tests.CreateMissionsPageTest</span>
            </div> <!-- main-panel-header rounded-window-top -->
            <div class="main-panel-content rounded-window-bottom">
              <div class="method">
                <div class="method-content">
                  <a name="verifyTableList">
                  </a> <!-- verifyTableList -->
                  <span class="method-name">verifyTableList</span>
                  <em>
(verify the the table list)                  </em>
                </div> <!-- method-content -->
              </div> <!-- method -->
              <div class="method">
                <div class="method-content">
                  <a name="verifymissionlabel(Automation Department, Automation Category, Danone, chhotuManual, chhotuManual, Test Deadline1)">
                  </a> <!-- verifymissionlabel(Automation Department, Automation Category, Danone, chhotuManual, chhotuManual, Test Deadline1) -->
                  <span class="method-name">verifymissionlabel</span>
                  <span class="parameters">(Automation Department, Automation Category, Danone, chhotuManual, chhotuManual, Test Deadline1)</span>
                  <em>
(Fills the crate mission filed)                  </em>
                </div> <!-- method-content -->
              </div> <!-- method -->
              <div class="method">
                <div class="method-content">
                  <a name="verifymissionlabel(Testing  New Department, Testing Category, Client 1, chhotuManual, chhotuManual, Test Deadline1)">
                  </a> <!-- verifymissionlabel(Testing  New Department, Testing Category, Client 1, chhotuManual, chhotuManual, Test Deadline1) -->
                  <span class="method-name">verifymissionlabel</span>
                  <span class="parameters">(Testing  New Department, Testing Category, Client 1, chhotuManual, chhotuManual, Test Deadline1)</span>
                  <em>
(Fills the crate mission filed)                  </em>
                </div> <!-- method-content -->
              </div> <!-- method -->
            </div> <!-- main-panel-content rounded-window-bottom -->
          </div> <!-- suite-tracify_Application_Test_Automation_Test_Suite-class-passed -->
          <div class="suite-tracify_Application_Test_Automation_Test_Suite-class-passed">
            <div class="main-panel-header rounded-window-top">
              <img src="passed.png"/>
              <span class="class-name">com.herokuapp.qa.tests.DeleteMissionPageTest</span>
            </div> <!-- main-panel-header rounded-window-top -->
            <div class="main-panel-content rounded-window-bottom">
              <div class="method">
                <div class="method-content">
                  <a name="veriflabel">
                  </a> <!-- veriflabel -->
                  <span class="method-name">veriflabel</span>
                  <em>
(update the created record)                  </em>
                </div> <!-- method-content -->
              </div> <!-- method -->
            </div> <!-- main-panel-content rounded-window-bottom -->
          </div> <!-- suite-tracify_Application_Test_Automation_Test_Suite-class-passed -->
          <div class="suite-tracify_Application_Test_Automation_Test_Suite-class-passed">
            <div class="main-panel-header rounded-window-top">
              <img src="passed.png"/>
              <span class="class-name">com.herokuapp.qa.tests.CancelMissionPageTest</span>
            </div> <!-- main-panel-header rounded-window-top -->
            <div class="main-panel-content rounded-window-bottom">
              <div class="method">
                <div class="method-content">
                  <a name="verifymissionlabel">
                  </a> <!-- verifymissionlabel -->
                  <span class="method-name">verifymissionlabel</span>
                  <em>
(Cancel the mission create page)                  </em>
                </div> <!-- method-content -->
              </div> <!-- method -->
            </div> <!-- main-panel-content rounded-window-bottom -->
          </div> <!-- suite-tracify_Application_Test_Automation_Test_Suite-class-passed -->
          <div class="suite-tracify_Application_Test_Automation_Test_Suite-class-passed">
            <div class="main-panel-header rounded-window-top">
              <img src="passed.png"/>
              <span class="class-name">com.herokuapp.qa.tests.SubDivisonMissionPageTest</span>
            </div> <!-- main-panel-header rounded-window-top -->
            <div class="main-panel-content rounded-window-bottom">
              <div class="method">
                <div class="method-content">
                  <a name="verifyaddmision_as_subdepart(Automation Department, Automation Category, Danone, chhotuManual, chhotuManual, Test Deadline1)">
                  </a> <!-- verifyaddmision_as_subdepart(Automation Department, Automation Category, Danone, chhotuManual, chhotuManual, Test Deadline1) -->
                  <span class="method-name">verifyaddmision_as_subdepart</span>
                  <span class="parameters">(Automation Department, Automation Category, Danone, chhotuManual, chhotuManual, Test Deadline1)</span>
                  <em>
(verify add mission button with sub departement)                  </em>
                </div> <!-- method-content -->
              </div> <!-- method -->
              <div class="method">
                <div class="method-content">
                  <a name="verifyaddmision_as_subdepart(Testing  New Department, Testing Category, Client 1, chhotuManual, chhotuManual, Test Deadline1)">
                  </a> <!-- verifyaddmision_as_subdepart(Testing  New Department, Testing Category, Client 1, chhotuManual, chhotuManual, Test Deadline1) -->
                  <span class="method-name">verifyaddmision_as_subdepart</span>
                  <span class="parameters">(Testing  New Department, Testing Category, Client 1, chhotuManual, chhotuManual, Test Deadline1)</span>
                  <em>
(verify add mission button with sub departement)                  </em>
                </div> <!-- method-content -->
              </div> <!-- method -->
            </div> <!-- main-panel-content rounded-window-bottom -->
          </div> <!-- suite-tracify_Application_Test_Automation_Test_Suite-class-passed -->
          <div class="suite-tracify_Application_Test_Automation_Test_Suite-class-passed">
            <div class="main-panel-header rounded-window-top">
              <img src="passed.png"/>
              <span class="class-name">com.herokuapp.qa.tests.LogoutPageTest</span>
            </div> <!-- main-panel-header rounded-window-top -->
            <div class="main-panel-content rounded-window-bottom">
              <div class="method">
                <div class="method-content">
                  <a name="clicklogout">
                  </a> <!-- clicklogout -->
                  <span class="method-name">clicklogout</span>
                  <em>
(Validation the user logout the app)                  </em>
                </div> <!-- method-content -->
              </div> <!-- method -->
            </div> <!-- main-panel-content rounded-window-bottom -->
          </div> <!-- suite-tracify_Application_Test_Automation_Test_Suite-class-passed -->
          <div class="suite-tracify_Application_Test_Automation_Test_Suite-class-passed">
            <div class="main-panel-header rounded-window-top">
              <img src="passed.png"/>
              <span class="class-name">com.herokuapp.qa.tests.BreadcrumbsPageTest</span>
            </div> <!-- main-panel-header rounded-window-top -->
            <div class="main-panel-content rounded-window-bottom">
              <div class="method">
                <div class="method-content">
                  <a name="ClickBreadcumlink">
                  </a> <!-- ClickBreadcumlink -->
                  <span class="method-name">ClickBreadcumlink</span>
                  <em>
(Verify the breadcrum)                  </em>
                </div> <!-- method-content -->
              </div> <!-- method -->
            </div> <!-- main-panel-content rounded-window-bottom -->
          </div> <!-- suite-tracify_Application_Test_Automation_Test_Suite-class-passed -->
          <div class="suite-tracify_Application_Test_Automation_Test_Suite-class-passed">
            <div class="main-panel-header rounded-window-top">
              <img src="passed.png"/>
              <span class="class-name">com.herokuapp.qa.tests.LoginPageTest</span>
            </div> <!-- main-panel-header rounded-window-top -->
            <div class="main-panel-content rounded-window-bottom">
              <div class="method">
                <div class="method-content">
                  <a name="login">
                  </a> <!-- login -->
                  <span class="method-name">login</span>
                  <em>
(Tracify user login Page)                  </em>
                </div> <!-- method-content -->
              </div> <!-- method -->
              <div class="method">
                <div class="method-content">
                  <a name="verifyloginpagetitle">
                  </a> <!-- verifyloginpagetitle -->
                  <span class="method-name">verifyloginpagetitle</span>
                  <em>
(Validation of Login page tile)                  </em>
                </div> <!-- method-content -->
              </div> <!-- method -->
            </div> <!-- main-panel-content rounded-window-bottom -->
          </div> <!-- suite-tracify_Application_Test_Automation_Test_Suite-class-passed -->
          <div class="suite-tracify_Application_Test_Automation_Test_Suite-class-passed">
            <div class="main-panel-header rounded-window-top">
              <img src="passed.png"/>
              <span class="class-name">com.herokuapp.qa.tests.MissionTable_expandPageTest</span>
            </div> <!-- main-panel-header rounded-window-top -->
            <div class="main-panel-content rounded-window-bottom">
              <div class="method">
                <div class="method-content">
                  <a name="expand_table">
                  </a> <!-- expand_table -->
                  <span class="method-name">expand_table</span>
                  <em>
(Validation the Exapand table option)                  </em>
                </div> <!-- method-content -->
              </div> <!-- method -->
            </div> <!-- main-panel-content rounded-window-bottom -->
          </div> <!-- suite-tracify_Application_Test_Automation_Test_Suite-class-passed -->
          <div class="suite-tracify_Application_Test_Automation_Test_Suite-class-passed">
            <div class="main-panel-header rounded-window-top">
              <img src="passed.png"/>
              <span class="class-name">com.herokuapp.qa.tests.VerifyAllDataButtonPageTest</span>
            </div> <!-- main-panel-header rounded-window-top -->
            <div class="main-panel-content rounded-window-bottom">
              <div class="method">
                <div class="method-content">
                  <a name="Importcopy">
                  </a> <!-- Importcopy -->
                  <span class="method-name">Importcopy</span>
                  <em>
(verify the copy button)                  </em>
                </div> <!-- method-content -->
              </div> <!-- method -->
              <div class="method">
                <div class="method-content">
                  <a name="Importcsv">
                  </a> <!-- Importcsv -->
                  <span class="method-name">Importcsv</span>
                  <em>
(verify the csv button)                  </em>
                </div> <!-- method-content -->
              </div> <!-- method -->
              <div class="method">
                <div class="method-content">
                  <a name="Impotexcel">
                  </a> <!-- Impotexcel -->
                  <span class="method-name">Impotexcel</span>
                  <em>
(verify the excel button)                  </em>
                </div> <!-- method-content -->
              </div> <!-- method -->
              <div class="method">
                <div class="method-content">
                  <a name="searchandnextprevios_button">
                  </a> <!-- searchandnextprevios_button -->
                  <span class="method-name">searchandnextprevios_button</span>
                  <em>
(verify the search filed)                  </em>
                </div> <!-- method-content -->
              </div> <!-- method -->
            </div> <!-- main-panel-content rounded-window-bottom -->
          </div> <!-- suite-tracify_Application_Test_Automation_Test_Suite-class-passed -->
          <div class="suite-tracify_Application_Test_Automation_Test_Suite-class-passed">
            <div class="main-panel-header rounded-window-top">
              <img src="passed.png"/>
              <span class="class-name">com.herokuapp.qa.tests.UpdateMissionPageTest</span>
            </div> <!-- main-panel-header rounded-window-top -->
            <div class="main-panel-content rounded-window-bottom">
              <div class="method">
                <div class="method-content">
                  <a name="verifymissionlabel">
                  </a> <!-- verifymissionlabel -->
                  <span class="method-name">verifymissionlabel</span>
                  <em>
(update the created record)                  </em>
                </div> <!-- method-content -->
              </div> <!-- method -->
            </div> <!-- main-panel-content rounded-window-bottom -->
          </div> <!-- suite-tracify_Application_Test_Automation_Test_Suite-class-passed -->
          <div class="suite-tracify_Application_Test_Automation_Test_Suite-class-passed">
            <div class="main-panel-header rounded-window-top">
              <img src="passed.png"/>
              <span class="class-name">com.herokuapp.qa.tests.EditProfilePageTest</span>
            </div> <!-- main-panel-header rounded-window-top -->
            <div class="main-panel-content rounded-window-bottom">
              <div class="method">
                <div class="method-content">
                  <a name="update(Indore)">
                  </a> <!-- update(Indore) -->
                  <span class="method-name">update</span>
                  <span class="parameters">(Indore)</span>
                  <em>
(Update the user profile)                  </em>
                </div> <!-- method-content -->
              </div> <!-- method -->
              <div class="method">
                <div class="method-content">
                  <a name="verify_updated_data(Indore)">
                  </a> <!-- verify_updated_data(Indore) -->
                  <span class="method-name">verify_updated_data</span>
                  <span class="parameters">(Indore)</span>
                  <em>
(verify the edited profile data)                  </em>
                </div> <!-- method-content -->
              </div> <!-- method -->
            </div> <!-- main-panel-content rounded-window-bottom -->
          </div> <!-- suite-tracify_Application_Test_Automation_Test_Suite-class-passed -->
          <div class="suite-tracify_Application_Test_Automation_Test_Suite-class-passed">
            <div class="main-panel-header rounded-window-top">
              <img src="passed.png"/>
              <span class="class-name">com.herokuapp.qa.tests.NonAdminUserPageTest</span>
            </div> <!-- main-panel-header rounded-window-top -->
            <div class="main-panel-content rounded-window-bottom">
              <div class="method">
                <div class="method-content">
                  <a name="verifyHomePageTitle(chhotuManual, Chhotu2019+)">
                  </a> <!-- verifyHomePageTitle(chhotuManual, Chhotu2019+) -->
                  <span class="method-name">verifyHomePageTitle</span>
                  <span class="parameters">(chhotuManual, Chhotu2019+)</span>
                  <em>
(Validation the non admin user loginthe application)                  </em>
                </div> <!-- method-content -->
              </div> <!-- method -->
              <div class="method">
                <div class="method-content">
                  <a name="verifyHomePageTitle(Testuser748596, Hamaza2019+)">
                  </a> <!-- verifyHomePageTitle(Testuser748596, Hamaza2019+) -->
                  <span class="method-name">verifyHomePageTitle</span>
                  <span class="parameters">(Testuser748596, Hamaza2019+)</span>
                  <em>
(Validation the non admin user loginthe application)                  </em>
                </div> <!-- method-content -->
              </div> <!-- method -->
              <div class="method">
                <div class="method-content">
                  <a name="verifyHomePageTitle(ChhotuQa, Chhotu2019+)">
                  </a> <!-- verifyHomePageTitle(ChhotuQa, Chhotu2019+) -->
                  <span class="method-name">verifyHomePageTitle</span>
                  <span class="parameters">(ChhotuQa, Chhotu2019+)</span>
                  <em>
(Validation the non admin user loginthe application)                  </em>
                </div> <!-- method-content -->
              </div> <!-- method -->
              <div class="method">
                <div class="method-content">
                  <a name="verifyHomePageTitle(Testuser, Hamaza2019+)">
                  </a> <!-- verifyHomePageTitle(Testuser, Hamaza2019+) -->
                  <span class="method-name">verifyHomePageTitle</span>
                  <span class="parameters">(Testuser, Hamaza2019+)</span>
                  <em>
(Validation the non admin user loginthe application)                  </em>
                </div> <!-- method-content -->
              </div> <!-- method -->
            </div> <!-- main-panel-content rounded-window-bottom -->
          </div> <!-- suite-tracify_Application_Test_Automation_Test_Suite-class-passed -->
          <div class="suite-tracify_Application_Test_Automation_Test_Suite-class-passed">
            <div class="main-panel-header rounded-window-top">
              <img src="passed.png"/>
              <span class="class-name">com.herokuapp.qa.tests.MissionProductionPageTest</span>
            </div> <!-- main-panel-header rounded-window-top -->
            <div class="main-panel-content rounded-window-bottom">
              <div class="method">
                <div class="method-content">
                  <a name="VerifyCurrentMission">
                  </a> <!-- VerifyCurrentMission -->
                  <span class="method-name">VerifyCurrentMission</span>
                  <em>
(verify current mission production page title)                  </em>
                </div> <!-- method-content -->
              </div> <!-- method -->
              <div class="method">
                <div class="method-content">
                  <a name="allMission">
                  </a> <!-- allMission -->
                  <span class="method-name">allMission</span>
                  <em>
(verify all mission production page title)                  </em>
                </div> <!-- method-content -->
              </div> <!-- method -->
              <div class="method">
                <div class="method-content">
                  <a name="completeMission">
                  </a> <!-- completeMission -->
                  <span class="method-name">completeMission</span>
                  <em>
(verify compelte mission production page title)                  </em>
                </div> <!-- method-content -->
              </div> <!-- method -->
              <div class="method">
                <div class="method-content">
                  <a name="pendingMission">
                  </a> <!-- pendingMission -->
                  <span class="method-name">pendingMission</span>
                  <em>
(verify pending mission production page title)                  </em>
                </div> <!-- method-content -->
              </div> <!-- method -->
            </div> <!-- main-panel-content rounded-window-bottom -->
          </div> <!-- suite-tracify_Application_Test_Automation_Test_Suite-class-passed -->
          <div class="suite-tracify_Application_Test_Automation_Test_Suite-class-passed">
            <div class="main-panel-header rounded-window-top">
              <img src="passed.png"/>
              <span class="class-name">com.herokuapp.qa.tests.FollowupcreatedMissionPageTest</span>
            </div> <!-- main-panel-header rounded-window-top -->
            <div class="main-panel-content rounded-window-bottom">
              <div class="method">
                <div class="method-content">
                  <a name="verifymissionlabel(Follow Up Mission, Follow up chhotu, Client 1, chhotuManual, chhotuManual, Test Deadline 2)">
                  </a> <!-- verifymissionlabel(Follow Up Mission, Follow up chhotu, Client 1, chhotuManual, chhotuManual, Test Deadline 2) -->
                  <span class="method-name">verifymissionlabel</span>
                  <span class="parameters">(Follow Up Mission, Follow up chhotu, Client 1, chhotuManual, chhotuManual, Test Deadline 2)</span>
                  <em>
(Fills the crate mission filed)                  </em>
                </div> <!-- method-content -->
              </div> <!-- method -->
            </div> <!-- main-panel-content rounded-window-bottom -->
          </div> <!-- suite-tracify_Application_Test_Automation_Test_Suite-class-passed -->
        </div> <!-- panel tracify_Application_Test_Automation_Test_Suite -->
        <div panel-name="test-xml-tracify_Application_Test_Automation_Test_Suite" class="panel">
          <div class="main-panel-header rounded-window-top">
            <span class="header-content">F:\KeyWordDrivenFrameWork\com.client.tracify.com\src\main\resoures\Regression.xml</span>
          </div> <!-- main-panel-header rounded-window-top -->
          <div class="main-panel-content rounded-window-bottom">
            <pre>
&lt;?xml version=&quot;1.0&quot; encoding=&quot;UTF-8&quot;?&gt;
&lt;!DOCTYPE suite SYSTEM &quot;http://testng.org/testng-1.0.dtd&quot;&gt;
&lt;suite guice-stage=&quot;DEVELOPMENT&quot; name=&quot;tracify Application Test Automation Test Suite&quot;&gt;
  &lt;listeners&gt;
    &lt;listener class-name=&quot;com.qa.extentReportsListner.ExtentReporterNG&quot;/&gt;
  &lt;/listeners&gt;
  &lt;test thread-count=&quot;5&quot; name=&quot;tracify app test Cases&quot;&gt;
    &lt;classes&gt;
      &lt;class name=&quot;com.herokuapp.qa.tests.LoginPageTest&quot;/&gt;
      &lt;class name=&quot;com.herokuapp.qa.tests.HomePageTest&quot;/&gt;
      &lt;class name=&quot;com.herokuapp.qa.tests.LogoutPageTest&quot;/&gt;
      &lt;class name=&quot;com.herokuapp.qa.tests.EditProfilePageTest&quot;/&gt;
      &lt;class name=&quot;com.herokuapp.qa.tests.CreateMissionsPageTest&quot;/&gt;
      &lt;class name=&quot;com.herokuapp.qa.tests.BreadcrumbsPageTest&quot;/&gt;
      &lt;class name=&quot;com.herokuapp.qa.tests.MissionTable_expandPageTest&quot;/&gt;
      &lt;class name=&quot;com.herokuapp.qa.tests.SubDivisonMissionPageTest&quot;/&gt;
      &lt;class name=&quot;com.herokuapp.qa.tests.NonAdminUserPageTest&quot;/&gt;
      &lt;class name=&quot;com.herokuapp.qa.tests.UpdateMissionPageTest&quot;/&gt;
      &lt;class name=&quot;com.herokuapp.qa.tests.DeleteMissionPageTest&quot;/&gt;
      &lt;class name=&quot;com.herokuapp.qa.tests.MissionProductionPageTest&quot;/&gt;
      &lt;class name=&quot;com.herokuapp.qa.tests.CancelMissionPageTest&quot;/&gt;
      &lt;class name=&quot;com.herokuapp.qa.tests.FollowupcreatedMissionPageTest&quot;/&gt;
      &lt;class name=&quot;com.herokuapp.qa.tests.VerifyAllDataButtonPageTest&quot;/&gt;
      &lt;class name=&quot;com.herokuapp.qa.tests.CustomerPageTest&quot;/&gt;
      &lt;class name=&quot;com.herokuapp.qa.tests.CustomerFormPageTest&quot;/&gt;
      &lt;class name=&quot;com.herokuapp.qa.tests.ColleaguesPageTest&quot;/&gt;
      &lt;class name=&quot;com.herokuapp.qa.tests.InvalidUserPageTest&quot;/&gt;
    &lt;/classes&gt;
  &lt;/test&gt; &lt;!-- tracify app test Cases --&gt;
&lt;/suite&gt; &lt;!-- tracify Application Test Automation Test Suite --&gt;
            </pre>
          </div> <!-- main-panel-content rounded-window-bottom -->
        </div> <!-- panel -->
        <div panel-name="testlist-tracify_Application_Test_Automation_Test_Suite" class="panel">
          <div class="main-panel-header rounded-window-top">
            <span class="header-content">Tests for tracify Application Test Automation Test Suite</span>
          </div> <!-- main-panel-header rounded-window-top -->
          <div class="main-panel-content rounded-window-bottom">
            <ul>
              <li>
                <span class="test-name">tracify app test Cases (19 classes)</span>
              </li>
            </ul>
          </div> <!-- main-panel-content rounded-window-bottom -->
        </div> <!-- panel -->
        <div panel-name="group-tracify_Application_Test_Automation_Test_Suite" class="panel">
          <div class="main-panel-header rounded-window-top">
            <span class="header-content">Groups for tracify Application Test Automation Test Suite</span>
          </div> <!-- main-panel-header rounded-window-top -->
          <div class="main-panel-content rounded-window-bottom">
          </div> <!-- main-panel-content rounded-window-bottom -->
        </div> <!-- panel -->
        <div panel-name="times-tracify_Application_Test_Automation_Test_Suite" class="panel">
          <div class="main-panel-header rounded-window-top">
            <span class="header-content">Times for tracify Application Test Automation Test Suite</span>
          </div> <!-- main-panel-header rounded-window-top -->
          <div class="main-panel-content rounded-window-bottom">
            <div class="times-div">
              <script type="text/javascript">
suiteTableInitFunctions.push('tableData_tracify_Application_Test_Automation_Test_Suite');
function tableData_tracify_Application_Test_Automation_Test_Suite() {
var data = new google.visualization.DataTable();
data.addColumn('number', 'Number');
data.addColumn('string', 'Method');
data.addColumn('string', 'Class');
data.addColumn('number', 'Time (ms)');
data.addRows(40);
data.setCell(0, 0, 0)
data.setCell(0, 1, 'verifymissionlabel')
data.setCell(0, 2, 'com.herokuapp.qa.tests.FollowupcreatedMissionPageTest')
data.setCell(0, 3, 191004);
data.setCell(1, 0, 1)
data.setCell(1, 1, 'veriflabel')
data.setCell(1, 2, 'com.herokuapp.qa.tests.DeleteMissionPageTest')
data.setCell(1, 3, 34362);
data.setCell(2, 0, 2)
data.setCell(2, 1, 'verifyHomePageTitle')
data.setCell(2, 2, 'com.herokuapp.qa.tests.NonAdminUserPageTest')
data.setCell(2, 3, 27944);
data.setCell(3, 0, 3)
data.setCell(3, 1, 'verifyHomePageTitle')
data.setCell(3, 2, 'com.herokuapp.qa.tests.NonAdminUserPageTest')
data.setCell(3, 3, 27429);
data.setCell(4, 0, 4)
data.setCell(4, 1, 'verifyHomePageTitle')
data.setCell(4, 2, 'com.herokuapp.qa.tests.NonAdminUserPageTest')
data.setCell(4, 3, 26236);
data.setCell(5, 0, 5)
data.setCell(5, 1, 'verifymissionlabel')
data.setCell(5, 2, 'com.herokuapp.qa.tests.UpdateMissionPageTest')
data.setCell(5, 3, 23981);
data.setCell(6, 0, 6)
data.setCell(6, 1, 'verifymissionlabel')
data.setCell(6, 2, 'com.herokuapp.qa.tests.CancelMissionPageTest')
data.setCell(6, 3, 23914);
data.setCell(7, 0, 7)
data.setCell(7, 1, 'verifymissionlabel')
data.setCell(7, 2, 'com.herokuapp.qa.tests.CreateMissionsPageTest')
data.setCell(7, 3, 21072);
data.setCell(8, 0, 8)
data.setCell(8, 1, 'verifymissionlabel')
data.setCell(8, 2, 'com.herokuapp.qa.tests.CreateMissionsPageTest')
data.setCell(8, 3, 21049);
data.setCell(9, 0, 9)
data.setCell(9, 1, 'verifyHomePageTitle')
data.setCell(9, 2, 'com.herokuapp.qa.tests.NonAdminUserPageTest')
data.setCell(9, 3, 11775);
data.setCell(10, 0, 10)
data.setCell(10, 1, 'Importcopy')
data.setCell(10, 2, 'com.herokuapp.qa.tests.VerifyAllDataButtonPageTest')
data.setCell(10, 3, 10188);
data.setCell(11, 0, 11)
data.setCell(11, 1, 'verifyaddmision_as_subdepart')
data.setCell(11, 2, 'com.herokuapp.qa.tests.SubDivisonMissionPageTest')
data.setCell(11, 3, 7740);
data.setCell(12, 0, 12)
data.setCell(12, 1, 'verifyaddmision_as_subdepart')
data.setCell(12, 2, 'com.herokuapp.qa.tests.SubDivisonMissionPageTest')
data.setCell(12, 3, 7516);
data.setCell(13, 0, 13)
data.setCell(13, 1, 'login')
data.setCell(13, 2, 'com.herokuapp.qa.tests.LoginPageTest')
data.setCell(13, 3, 5984);
data.setCell(14, 0, 14)
data.setCell(14, 1, 'verifyTableList')
data.setCell(14, 2, 'com.herokuapp.qa.tests.CreateMissionsPageTest')
data.setCell(14, 3, 5844);
data.setCell(15, 0, 15)
data.setCell(15, 1, 'allMission')
data.setCell(15, 2, 'com.herokuapp.qa.tests.MissionProductionPageTest')
data.setCell(15, 3, 5814);
data.setCell(16, 0, 16)
data.setCell(16, 1, 'VerifyCurrentMission')
data.setCell(16, 2, 'com.herokuapp.qa.tests.MissionProductionPageTest')
data.setCell(16, 3, 5791);
data.setCell(17, 0, 17)
data.setCell(17, 1, 'pendingMission')
data.setCell(17, 2, 'com.herokuapp.qa.tests.MissionProductionPageTest')
data.setCell(17, 3, 5064);
data.setCell(18, 0, 18)
data.setCell(18, 1, 'completeMission')
data.setCell(18, 2, 'com.herokuapp.qa.tests.MissionProductionPageTest')
data.setCell(18, 3, 4956);
data.setCell(19, 0, 19)
data.setCell(19, 1, 'update')
data.setCell(19, 2, 'com.herokuapp.qa.tests.EditProfilePageTest')
data.setCell(19, 3, 4844);
data.setCell(20, 0, 20)
data.setCell(20, 1, 'clicklogout')
data.setCell(20, 2, 'com.herokuapp.qa.tests.LogoutPageTest')
data.setCell(20, 3, 4733);
data.setCell(21, 0, 21)
data.setCell(21, 1, 'searchandnextprevios_button')
data.setCell(21, 2, 'com.herokuapp.qa.tests.VerifyAllDataButtonPageTest')
data.setCell(21, 3, 4363);
data.setCell(22, 0, 22)
data.setCell(22, 1, 'expand_table')
data.setCell(22, 2, 'com.herokuapp.qa.tests.MissionTable_expandPageTest')
data.setCell(22, 3, 4280);
data.setCell(23, 0, 23)
data.setCell(23, 1, 'ClickBreadcumlink')
data.setCell(23, 2, 'com.herokuapp.qa.tests.BreadcrumbsPageTest')
data.setCell(23, 3, 3424);
data.setCell(24, 0, 24)
data.setCell(24, 1, 'Importcsv')
data.setCell(24, 2, 'com.herokuapp.qa.tests.VerifyAllDataButtonPageTest')
data.setCell(24, 3, 1129);
data.setCell(25, 0, 25)
data.setCell(25, 1, 'Impotexcel')
data.setCell(25, 2, 'com.herokuapp.qa.tests.VerifyAllDataButtonPageTest')
data.setCell(25, 3, 1117);
data.setCell(26, 0, 26)
data.setCell(26, 1, 'verify_updated_data')
data.setCell(26, 2, 'com.herokuapp.qa.tests.EditProfilePageTest')
data.setCell(26, 3, 50);
data.setCell(27, 0, 27)
data.setCell(27, 1, 'VerifyUserProfileName')
data.setCell(27, 2, 'com.herokuapp.qa.tests.HomePageTest')
data.setCell(27, 3, 41);
data.setCell(28, 0, 28)
data.setCell(28, 1, 'verifyloginpagetitle')
data.setCell(28, 2, 'com.herokuapp.qa.tests.LoginPageTest')
data.setCell(28, 3, 26);
data.setCell(29, 0, 29)
data.setCell(29, 1, 'verifyHomePageTitle')
data.setCell(29, 2, 'com.herokuapp.qa.tests.HomePageTest')
data.setCell(29, 3, 11);
data.setCell(30, 0, 30)
data.setCell(30, 1, 'colleagues_link')
data.setCell(30, 2, 'com.herokuapp.qa.tests.ColleaguesPageTest')
data.setCell(30, 3, 0);
data.setCell(31, 0, 31)
data.setCell(31, 1, 'getDecoded')
data.setCell(31, 2, 'com.herokuapp.qa.tests.InvalidUserPageTest')
data.setCell(31, 3, 0);
data.setCell(32, 0, 32)
data.setCell(32, 1, 'Customer')
data.setCell(32, 2, 'com.herokuapp.qa.tests.CustomerPageTest')
data.setCell(32, 3, 0);
data.setCell(33, 0, 33)
data.setCell(33, 1, 'verifhtmlmessagebothfiled')
data.setCell(33, 2, 'com.herokuapp.qa.tests.InvalidUserPageTest')
data.setCell(33, 3, 0);
data.setCell(34, 0, 34)
data.setCell(34, 1, 'Customer')
data.setCell(34, 2, 'com.herokuapp.qa.tests.CustomerFormPageTest')
data.setCell(34, 3, 0);
data.setCell(35, 0, 35)
data.setCell(35, 1, 'Importprint')
data.setCell(35, 2, 'com.herokuapp.qa.tests.VerifyAllDataButtonPageTest')
data.setCell(35, 3, 0);
data.setCell(36, 0, 36)
data.setCell(36, 1, 'verifhtmlmessageforpassword')
data.setCell(36, 2, 'com.herokuapp.qa.tests.InvalidUserPageTest')
data.setCell(36, 3, 0);
data.setCell(37, 0, 37)
data.setCell(37, 1, 'veriferror')
data.setCell(37, 2, 'com.herokuapp.qa.tests.InvalidUserPageTest')
data.setCell(37, 3, 0);
data.setCell(38, 0, 38)
data.setCell(38, 1, 'nextandprevious')
data.setCell(38, 2, 'com.herokuapp.qa.tests.VerifyAllDataButtonPageTest')
data.setCell(38, 3, 0);
data.setCell(39, 0, 39)
data.setCell(39, 1, 'Importpdf')
data.setCell(39, 2, 'com.herokuapp.qa.tests.VerifyAllDataButtonPageTest')
data.setCell(39, 3, 0);
window.suiteTableData['tracify_Application_Test_Automation_Test_Suite']= { tableData: data, tableDiv: 'times-div-tracify_Application_Test_Automation_Test_Suite'}
return data;
}
              </script>
              <span class="suite-total-time">Total running time: 8 minutes</span>
              <div id="times-div-tracify_Application_Test_Automation_Test_Suite">
              </div> <!-- times-div-tracify_Application_Test_Automation_Test_Suite -->
            </div> <!-- times-div -->
          </div> <!-- main-panel-content rounded-window-bottom -->
        </div> <!-- panel -->
        <div panel-name="reporter-tracify_Application_Test_Automation_Test_Suite" class="panel">
          <div class="main-panel-header rounded-window-top">
            <span class="header-content">Reporter output for tracify Application Test Automation Test Suite</span>
          </div> <!-- main-panel-header rounded-window-top -->
          <div class="main-panel-content rounded-window-bottom">
          </div> <!-- main-panel-content rounded-window-bottom -->
        </div> <!-- panel -->
        <div panel-name="ignored-methods-tracify_Application_Test_Automation_Test_Suite" class="panel">
          <div class="main-panel-header rounded-window-top">
            <span class="header-content">0 ignored methods</span>
          </div> <!-- main-panel-header rounded-window-top -->
          <div class="main-panel-content rounded-window-bottom">
          </div> <!-- main-panel-content rounded-window-bottom -->
        </div> <!-- panel -->
        <div panel-name="chronological-tracify_Application_Test_Automation_Test_Suite" class="panel">
          <div class="main-panel-header rounded-window-top">
            <span class="header-content">Methods in chronological order</span>
          </div> <!-- main-panel-header rounded-window-top -->
          <div class="main-panel-content rounded-window-bottom">
            <div class="chronological-class">
              <div class="chronological-class-name">com.herokuapp.qa.tests.LoginPageTest</div> <!-- chronological-class-name -->
              <div class="configuration-method before">
                <span class="method-name">setup</span>
                <span class="method-start">0 ms</span>
              </div> <!-- configuration-method before -->
              <div class="test-method">
                <span class="method-name">verifyloginpagetitle</span>
                <span class="method-start">9741 ms</span>
              </div> <!-- test-method -->
              <div class="configuration-method after">
                <span class="method-name">getResult([TestResult name=verifyloginpagetitle status=SUCCESS method=LoginPageTest.verifyloginpagetitle()[pri...)</span>
                <span class="method-start">9770 ms</span>
              </div> <!-- configuration-method after -->
              <div class="configuration-method after">
                <span class="method-name">teardown</span>
                <span class="method-start">9772 ms</span>
              </div> <!-- configuration-method after -->
              <div class="configuration-method before">
                <span class="method-name">setup</span>
                <span class="method-start">9849 ms</span>
              </div> <!-- configuration-method before -->
              <div class="test-method">
                <span class="method-name">login</span>
                <span class="method-start">17324 ms</span>
              </div> <!-- test-method -->
              <div class="configuration-method after">
                <span class="method-name">getResult([TestResult name=login status=SUCCESS method=LoginPageTest.login()[pri:2, instance:com.herokuapp.qa....)</span>
                <span class="method-start">23310 ms</span>
              </div> <!-- configuration-method after -->
              <div class="configuration-method after">
                <span class="method-name">teardown</span>
                <span class="method-start">23310 ms</span>
              </div> <!-- configuration-method after -->
            </div> <!-- chronological-class -->
            <div class="chronological-class">
              <div class="chronological-class-name">com.herokuapp.qa.tests.HomePageTest</div> <!-- chronological-class-name -->
              <div class="configuration-method before">
                <span class="method-name">setup</span>
                <span class="method-start">23454 ms</span>
              </div> <!-- configuration-method before -->
              <div class="test-method">
                <span class="method-name">verifyHomePageTitle</span>
                <span class="method-start">39658 ms</span>
              </div> <!-- test-method -->
              <div class="configuration-method after">
                <span class="method-name">getResult([TestResult name=verifyHomePageTitle status=SUCCESS method=HomePageTest.verifyHomePageTitle()[pri:3,...)</span>
                <span class="method-start">39670 ms</span>
              </div> <!-- configuration-method after -->
              <div class="configuration-method after">
                <span class="method-name">teardown</span>
                <span class="method-start">39671 ms</span>
              </div> <!-- configuration-method after -->
              <div class="configuration-method before">
                <span class="method-name">setup</span>
                <span class="method-start">39802 ms</span>
              </div> <!-- configuration-method before -->
              <div class="test-method">
                <span class="method-name">VerifyUserProfileName</span>
                <span class="method-start">64466 ms</span>
              </div> <!-- test-method -->
              <div class="configuration-method after">
                <span class="method-name">getResult([TestResult name=VerifyUserProfileName status=SUCCESS method=HomePageTest.VerifyUserProfileName()[pr...)</span>
                <span class="method-start">64508 ms</span>
              </div> <!-- configuration-method after -->
              <div class="configuration-method after">
                <span class="method-name">teardown</span>
                <span class="method-start">64508 ms</span>
              </div> <!-- configuration-method after -->
            </div> <!-- chronological-class -->
            <div class="chronological-class">
              <div class="chronological-class-name">com.herokuapp.qa.tests.LogoutPageTest</div> <!-- chronological-class-name -->
              <div class="configuration-method before">
                <span class="method-name">setup</span>
                <span class="method-start">64630 ms</span>
              </div> <!-- configuration-method before -->
              <div class="test-method">
                <span class="method-name">clicklogout</span>
                <span class="method-start">83912 ms</span>
              </div> <!-- test-method -->
              <div class="configuration-method after">
                <span class="method-name">getResult([TestResult name=clicklogout status=SUCCESS method=LogoutPageTest.clicklogout()[pri:5, instance:com....)</span>
                <span class="method-start">88647 ms</span>
              </div> <!-- configuration-method after -->
              <div class="configuration-method after">
                <span class="method-name">teardown</span>
                <span class="method-start">88647 ms</span>
              </div> <!-- configuration-method after -->
            </div> <!-- chronological-class -->
            <div class="chronological-class">
              <div class="chronological-class-name">com.herokuapp.qa.tests.EditProfilePageTest</div> <!-- chronological-class-name -->
              <div class="configuration-method before">
                <span class="method-name">setup</span>
                <span class="method-start">89651 ms</span>
              </div> <!-- configuration-method before -->
              <div class="test-method">
                <span class="method-name">update(Indore)</span>
                <span class="method-start">110060 ms</span>
              </div> <!-- test-method -->
              <div class="configuration-method after">
                <span class="method-name">getResult([TestResult name=update status=SUCCESS method=EditProfilePageTest.update(java.lang.String)[pri:6, in...)</span>
                <span class="method-start">114906 ms</span>
              </div> <!-- configuration-method after -->
              <div class="configuration-method after">
                <span class="method-name">teardown</span>
                <span class="method-start">114906 ms</span>
              </div> <!-- configuration-method after -->
              <div class="configuration-method before">
                <span class="method-name">setup</span>
                <span class="method-start">115149 ms</span>
              </div> <!-- configuration-method before -->
              <div class="test-method">
                <span class="method-name">verify_updated_data(Indore)</span>
                <span class="method-start">134173 ms</span>
              </div> <!-- test-method -->
              <div class="configuration-method after">
                <span class="method-name">getResult([TestResult name=verify_updated_data status=SUCCESS method=EditProfilePageTest.verify_updated_data(j...)</span>
                <span class="method-start">134224 ms</span>
              </div> <!-- configuration-method after -->
              <div class="configuration-method after">
                <span class="method-name">teardown</span>
                <span class="method-start">134225 ms</span>
              </div> <!-- configuration-method after -->
            </div> <!-- chronological-class -->
            <div class="chronological-class">
              <div class="chronological-class-name">com.herokuapp.qa.tests.CreateMissionsPageTest</div> <!-- chronological-class-name -->
              <div class="configuration-method before">
                <span class="method-name">setup</span>
                <span class="method-start">134361 ms</span>
              </div> <!-- configuration-method before -->
              <div class="test-method">
                <span class="method-name">verifyTableList</span>
                <span class="method-start">150160 ms</span>
              </div> <!-- test-method -->
              <div class="configuration-method after">
                <span class="method-name">getResult([TestResult name=verifyTableList status=SUCCESS method=CreateMissionsPageTest.verifyTableList()[pri:...)</span>
                <span class="method-start">156005 ms</span>
              </div> <!-- configuration-method after -->
              <div class="configuration-method after">
                <span class="method-name">teardown</span>
                <span class="method-start">156005 ms</span>
              </div> <!-- configuration-method after -->
              <div class="configuration-method before">
                <span class="method-name">setup</span>
                <span class="method-start">156208 ms</span>
              </div> <!-- configuration-method before -->
              <div class="test-method">
                <span class="method-name">verifymissionlabel(Testing  New Department, Testing Category, Client 1, chhotuManual, chhotuManual, Test Deadline1)</span>
                <span class="method-start">174619 ms</span>
              </div> <!-- test-method -->
              <div class="configuration-method after">
                <span class="method-name">getResult([TestResult name=verifymissionlabel status=SUCCESS method=CreateMissionsPageTest.verifymissionlabel(...)</span>
                <span class="method-start">195671 ms</span>
              </div> <!-- configuration-method after -->
              <div class="configuration-method after">
                <span class="method-name">teardown</span>
                <span class="method-start">195672 ms</span>
              </div> <!-- configuration-method after -->
              <div class="configuration-method before">
                <span class="method-name">setup</span>
                <span class="method-start">195808 ms</span>
              </div> <!-- configuration-method before -->
              <div class="test-method">
                <span class="method-name">verifymissionlabel(Automation Department, Automation Category, Danone, chhotuManual, chhotuManual, Test Deadline1)</span>
                <span class="method-start">212640 ms</span>
              </div> <!-- test-method -->
              <div class="configuration-method after">
                <span class="method-name">getResult([TestResult name=verifymissionlabel status=SUCCESS method=CreateMissionsPageTest.verifymissionlabel(...)</span>
                <span class="method-start">233713 ms</span>
              </div> <!-- configuration-method after -->
              <div class="configuration-method after">
                <span class="method-name">teardown</span>
                <span class="method-start">233714 ms</span>
              </div> <!-- configuration-method after -->
            </div> <!-- chronological-class -->
            <div class="chronological-class">
              <div class="chronological-class-name">com.herokuapp.qa.tests.BreadcrumbsPageTest</div> <!-- chronological-class-name -->
              <div class="configuration-method before">
                <span class="method-name">setup</span>
                <span class="method-start">233852 ms</span>
              </div> <!-- configuration-method before -->
              <div class="test-method">
                <span class="method-name">ClickBreadcumlink</span>
                <span class="method-start">255067 ms</span>
              </div> <!-- test-method -->
              <div class="configuration-method after">
                <span class="method-name">getResult([TestResult name=ClickBreadcumlink status=SUCCESS method=BreadcrumbsPageTest.ClickBreadcumlink()[pri...)</span>
                <span class="method-start">258492 ms</span>
              </div> <!-- configuration-method after -->
              <div class="configuration-method after">
                <span class="method-name">teardown</span>
                <span class="method-start">258492 ms</span>
              </div> <!-- configuration-method after -->
            </div> <!-- chronological-class -->
            <div class="chronological-class">
              <div class="chronological-class-name">com.herokuapp.qa.tests.MissionTable_expandPageTest</div> <!-- chronological-class-name -->
              <div class="configuration-method before">
                <span class="method-name">setup</span>
                <span class="method-start">258625 ms</span>
              </div> <!-- configuration-method before -->
              <div class="test-method">
                <span class="method-name">expand_table</span>
                <span class="method-start">273598 ms</span>
              </div> <!-- test-method -->
              <div class="configuration-method after">
                <span class="method-name">getResult([TestResult name=expand_table status=SUCCESS method=MissionTable_expandPageTest.expand_table()[pri:1...)</span>
                <span class="method-start">277879 ms</span>
              </div> <!-- configuration-method after -->
              <div class="configuration-method after">
                <span class="method-name">teardown</span>
                <span class="method-start">277879 ms</span>
              </div> <!-- configuration-method after -->
            </div> <!-- chronological-class -->
            <div class="chronological-class">
              <div class="chronological-class-name">com.herokuapp.qa.tests.SubDivisonMissionPageTest</div> <!-- chronological-class-name -->
              <div class="configuration-method before">
                <span class="method-name">setup</span>
                <span class="method-start">278087 ms</span>
              </div> <!-- configuration-method before -->
              <div class="test-method">
                <span class="method-name">verifyaddmision_as_subdepart(Testing  New Department, Testing Category, Client 1, chhotuManual, chhotuManual, Test Deadline1)</span>
                <span class="method-start">296776 ms</span>
              </div> <!-- test-method -->
              <div class="configuration-method after">
                <span class="method-name">getResult([TestResult name=verifyaddmision_as_subdepart status=SUCCESS method=SubDivisonMissionPageTest.verify...)</span>
                <span class="method-start">304517 ms</span>
              </div> <!-- configuration-method after -->
              <div class="configuration-method after">
                <span class="method-name">teardown</span>
                <span class="method-start">304517 ms</span>
              </div> <!-- configuration-method after -->
              <div class="configuration-method before">
                <span class="method-name">setup</span>
                <span class="method-start">304654 ms</span>
              </div> <!-- configuration-method before -->
              <div class="test-method">
                <span class="method-name">verifyaddmision_as_subdepart(Automation Department, Automation Category, Danone, chhotuManual, chhotuManual, Test Deadline1)</span>
                <span class="method-start">321605 ms</span>
              </div> <!-- test-method -->
              <div class="configuration-method after">
                <span class="method-name">getResult([TestResult name=verifyaddmision_as_subdepart status=SUCCESS method=SubDivisonMissionPageTest.verify...)</span>
                <span class="method-start">329122 ms</span>
              </div> <!-- configuration-method after -->
              <div class="configuration-method after">
                <span class="method-name">teardown</span>
                <span class="method-start">329122 ms</span>
              </div> <!-- configuration-method after -->
            </div> <!-- chronological-class -->
            <div class="chronological-class">
              <div class="chronological-class-name">com.herokuapp.qa.tests.NonAdminUserPageTest</div> <!-- chronological-class-name -->
              <div class="configuration-method before">
                <span class="method-name">setup</span>
                <span class="method-start">329314 ms</span>
              </div> <!-- configuration-method before -->
              <div class="test-method">
                <span class="method-name">verifyHomePageTitle(Testuser748596, Hamaza2019+)</span>
                <span class="method-start">339849 ms</span>
              </div> <!-- test-method -->
              <div class="configuration-method after">
                <span class="method-name">getResult([TestResult name=verifyHomePageTitle status=SUCCESS method=NonAdminUserPageTest.verifyHomePageTitle(...)</span>
                <span class="method-start">366086 ms</span>
              </div> <!-- configuration-method after -->
              <div class="configuration-method after">
                <span class="method-name">teardown</span>
                <span class="method-start">366086 ms</span>
              </div> <!-- configuration-method after -->
              <div class="configuration-method before">
                <span class="method-name">setup</span>
                <span class="method-start">366220 ms</span>
              </div> <!-- configuration-method before -->
              <div class="test-method">
                <span class="method-name">verifyHomePageTitle(Testuser, Hamaza2019+)</span>
                <span class="method-start">375111 ms</span>
              </div> <!-- test-method -->
              <div class="configuration-method after">
                <span class="method-name">getResult([TestResult name=verifyHomePageTitle status=SUCCESS method=NonAdminUserPageTest.verifyHomePageTitle(...)</span>
                <span class="method-start">403055 ms</span>
              </div> <!-- configuration-method after -->
              <div class="configuration-method after">
                <span class="method-name">teardown</span>
                <span class="method-start">403056 ms</span>
              </div> <!-- configuration-method after -->
              <div class="configuration-method before">
                <span class="method-name">setup</span>
                <span class="method-start">403179 ms</span>
              </div> <!-- configuration-method before -->
              <div class="test-method">
                <span class="method-name">verifyHomePageTitle(ChhotuQa, Chhotu2019+)</span>
                <span class="method-start">412103 ms</span>
              </div> <!-- test-method -->
              <div class="configuration-method after">
                <span class="method-name">getResult([TestResult name=verifyHomePageTitle status=SUCCESS method=NonAdminUserPageTest.verifyHomePageTitle(...)</span>
                <span class="method-start">439533 ms</span>
              </div> <!-- configuration-method after -->
              <div class="configuration-method after">
                <span class="method-name">teardown</span>
                <span class="method-start">439533 ms</span>
              </div> <!-- configuration-method after -->
              <div class="configuration-method before">
                <span class="method-name">setup</span>
                <span class="method-start">439658 ms</span>
              </div> <!-- configuration-method before -->
              <div class="test-method">
                <span class="method-name">verifyHomePageTitle(chhotuManual, Chhotu2019+)</span>
                <span class="method-start">452215 ms</span>
              </div> <!-- test-method -->
              <div class="configuration-method after">
                <span class="method-name">getResult([TestResult name=verifyHomePageTitle status=SUCCESS method=NonAdminUserPageTest.verifyHomePageTitle(...)</span>
                <span class="method-start">463991 ms</span>
              </div> <!-- configuration-method after -->
              <div class="configuration-method after">
                <span class="method-name">teardown</span>
                <span class="method-start">463991 ms</span>
              </div> <!-- configuration-method after -->
            </div> <!-- chronological-class -->
            <div class="chronological-class">
              <div class="chronological-class-name">com.herokuapp.qa.tests.UpdateMissionPageTest</div> <!-- chronological-class-name -->
              <div class="configuration-method before">
                <span class="method-name">setup</span>
                <span class="method-start">464118 ms</span>
              </div> <!-- configuration-method before -->
              <div class="test-method">
                <span class="method-name">verifymissionlabel</span>
                <span class="method-start">494517 ms</span>
              </div> <!-- test-method -->
              <div class="configuration-method after">
                <span class="method-name">getResult([TestResult name=verifymissionlabel status=SUCCESS method=UpdateMissionPageTest.verifymissionlabel()...)</span>
                <span class="method-start">518502 ms</span>
              </div> <!-- configuration-method after -->
              <div class="configuration-method after">
                <span class="method-name">teardown</span>
                <span class="method-start">518503 ms</span>
              </div> <!-- configuration-method after -->
            </div> <!-- chronological-class -->
            <div class="chronological-class">
              <div class="chronological-class-name">com.herokuapp.qa.tests.DeleteMissionPageTest</div> <!-- chronological-class-name -->
              <div class="configuration-method before">
                <span class="method-name">setup</span>
                <span class="method-start">518643 ms</span>
              </div> <!-- configuration-method before -->
              <div class="test-method">
                <span class="method-name">veriflabel</span>
                <span class="method-start">541471 ms</span>
              </div> <!-- test-method -->
              <div class="configuration-method after">
                <span class="method-name">getResult([TestResult name=veriflabel status=SUCCESS method=DeleteMissionPageTest.veriflabel()[pri:15, instanc...)</span>
                <span class="method-start">575834 ms</span>
              </div> <!-- configuration-method after -->
              <div class="configuration-method after">
                <span class="method-name">teardown</span>
                <span class="method-start">575834 ms</span>
              </div> <!-- configuration-method after -->
            </div> <!-- chronological-class -->
            <div class="chronological-class">
              <div class="chronological-class-name">com.herokuapp.qa.tests.MissionProductionPageTest</div> <!-- chronological-class-name -->
              <div class="configuration-method before">
                <span class="method-name">setup</span>
                <span class="method-start">576075 ms</span>
              </div> <!-- configuration-method before -->
              <div class="test-method">
                <span class="method-name">VerifyCurrentMission</span>
                <span class="method-start">591386 ms</span>
              </div> <!-- test-method -->
              <div class="configuration-method after">
                <span class="method-name">getResult([TestResult name=VerifyCurrentMission status=SUCCESS method=MissionProductionPageTest.VerifyCurrentM...)</span>
                <span class="method-start">597178 ms</span>
              </div> <!-- configuration-method after -->
              <div class="configuration-method after">
                <span class="method-name">teardown</span>
                <span class="method-start">597178 ms</span>
              </div> <!-- configuration-method after -->
              <div class="configuration-method before">
                <span class="method-name">setup</span>
                <span class="method-start">597309 ms</span>
              </div> <!-- configuration-method before -->
              <div class="test-method">
                <span class="method-name">pendingMission</span>
                <span class="method-start">615913 ms</span>
              </div> <!-- test-method -->
              <div class="configuration-method after">
                <span class="method-name">getResult([TestResult name=pendingMission status=SUCCESS method=MissionProductionPageTest.pendingMission()[pri...)</span>
                <span class="method-start">620978 ms</span>
              </div> <!-- configuration-method after -->
              <div class="configuration-method after">
                <span class="method-name">teardown</span>
                <span class="method-start">620978 ms</span>
              </div> <!-- configuration-method after -->
              <div class="configuration-method before">
                <span class="method-name">setup</span>
                <span class="method-start">621100 ms</span>
              </div> <!-- configuration-method before -->
              <div class="test-method">
                <span class="method-name">completeMission</span>
                <span class="method-start">637385 ms</span>
              </div> <!-- test-method -->
              <div class="configuration-method after">
                <span class="method-name">getResult([TestResult name=completeMission status=SUCCESS method=MissionProductionPageTest.completeMission()[p...)</span>
                <span class="method-start">642342 ms</span>
              </div> <!-- configuration-method after -->
              <div class="configuration-method after">
                <span class="method-name">teardown</span>
                <span class="method-start">642342 ms</span>
              </div> <!-- configuration-method after -->
              <div class="configuration-method before">
                <span class="method-name">setup</span>
                <span class="method-start">642480 ms</span>
              </div> <!-- configuration-method before -->
              <div class="test-method">
                <span class="method-name">allMission</span>
                <span class="method-start">658324 ms</span>
              </div> <!-- test-method -->
              <div class="configuration-method after">
                <span class="method-name">getResult([TestResult name=allMission status=SUCCESS method=MissionProductionPageTest.allMission()[pri:19, ins...)</span>
                <span class="method-start">664139 ms</span>
              </div> <!-- configuration-method after -->
              <div class="configuration-method after">
                <span class="method-name">teardown</span>
                <span class="method-start">664139 ms</span>
              </div> <!-- configuration-method after -->
            </div> <!-- chronological-class -->
            <div class="chronological-class">
              <div class="chronological-class-name">com.herokuapp.qa.tests.CancelMissionPageTest</div> <!-- chronological-class-name -->
              <div class="configuration-method before">
                <span class="method-name">setup</span>
                <span class="method-start">664261 ms</span>
              </div> <!-- configuration-method before -->
              <div class="test-method">
                <span class="method-name">verifymissionlabel</span>
                <span class="method-start">680206 ms</span>
              </div> <!-- test-method -->
              <div class="configuration-method after">
                <span class="method-name">getResult([TestResult name=verifymissionlabel status=SUCCESS method=CancelMissionPageTest.verifymissionlabel()...)</span>
                <span class="method-start">704121 ms</span>
              </div> <!-- configuration-method after -->
              <div class="configuration-method after">
                <span class="method-name">teardown</span>
                <span class="method-start">704121 ms</span>
              </div> <!-- configuration-method after -->
            </div> <!-- chronological-class -->
            <div class="chronological-class">
              <div class="chronological-class-name">com.herokuapp.qa.tests.FollowupcreatedMissionPageTest</div> <!-- chronological-class-name -->
              <div class="configuration-method before">
                <span class="method-name">setup</span>
                <span class="method-start">704298 ms</span>
              </div> <!-- configuration-method before -->
              <div class="test-method">
                <span class="method-name">verifymissionlabel(Follow Up Mission, Follow up chhotu, Client 1, chhotuManual, chhotuManual, Test Deadline 2)</span>
                <span class="method-start">718693 ms</span>
              </div> <!-- test-method -->
              <div class="configuration-method after">
                <span class="method-name">getResult([TestResult name=verifymissionlabel status=SUCCESS method=FollowupcreatedMissionPageTest.verifymissi...)</span>
                <span class="method-start">909700 ms</span>
              </div> <!-- configuration-method after -->
              <div class="configuration-method after">
                <span class="method-name">teardown</span>
                <span class="method-start">909701 ms</span>
              </div> <!-- configuration-method after -->
            </div> <!-- chronological-class -->
            <div class="chronological-class">
              <div class="chronological-class-name">com.herokuapp.qa.tests.VerifyAllDataButtonPageTest</div> <!-- chronological-class-name -->
              <div class="configuration-method before">
                <span class="method-name">setup</span>
                <span class="method-start">909870 ms</span>
              </div> <!-- configuration-method before -->
              <div class="test-method">
                <span class="method-name">searchandnextprevios_button</span>
                <span class="method-start">924695 ms</span>
              </div> <!-- test-method -->
              <div class="configuration-method after">
                <span class="method-name">getResult([TestResult name=searchandnextprevios_button status=SUCCESS method=VerifyAllDataButtonPageTest.searc...)</span>
                <span class="method-start">929060 ms</span>
              </div> <!-- configuration-method after -->
              <div class="configuration-method after">
                <span class="method-name">teardown</span>
                <span class="method-start">929060 ms</span>
              </div> <!-- configuration-method after -->
              <div class="configuration-method before">
                <span class="method-name">setup</span>
                <span class="method-start">929150 ms</span>
              </div> <!-- configuration-method before -->
              <div class="test-method">
                <span class="method-name">Importcopy</span>
                <span class="method-start">943252 ms</span>
              </div> <!-- test-method -->
              <div class="configuration-method after">
                <span class="method-name">getResult([TestResult name=Importcopy status=SUCCESS method=VerifyAllDataButtonPageTest.Importcopy()[pri:22, i...)</span>
                <span class="method-start">953441 ms</span>
              </div> <!-- configuration-method after -->
              <div class="configuration-method after">
                <span class="method-name">teardown</span>
                <span class="method-start">953442 ms</span>
              </div> <!-- configuration-method after -->
              <div class="configuration-method before">
                <span class="method-name">setup</span>
                <span class="method-start">953609 ms</span>
              </div> <!-- configuration-method before -->
              <div class="test-method">
                <span class="method-name">Importcsv</span>
                <span class="method-start">971454 ms</span>
              </div> <!-- test-method -->
              <div class="configuration-method after">
                <span class="method-name">getResult([TestResult name=Importcsv status=SUCCESS method=VerifyAllDataButtonPageTest.Importcsv()[pri:23, ins...)</span>
                <span class="method-start">972587 ms</span>
              </div> <!-- configuration-method after -->
              <div class="configuration-method after">
                <span class="method-name">teardown</span>
                <span class="method-start">972588 ms</span>
              </div> <!-- configuration-method after -->
              <div class="configuration-method before">
                <span class="method-name">setup</span>
                <span class="method-start">972751 ms</span>
              </div> <!-- configuration-method before -->
              <div class="test-method">
                <span class="method-name">Impotexcel</span>
                <span class="method-start">993975 ms</span>
              </div> <!-- test-method -->
              <div class="configuration-method after">
                <span class="method-name">getResult([TestResult name=Impotexcel status=SUCCESS method=VerifyAllDataButtonPageTest.Impotexcel()[pri:24, i...)</span>
                <span class="method-start">995092 ms</span>
              </div> <!-- configuration-method after -->
              <div class="configuration-method after">
                <span class="method-name">teardown</span>
                <span class="method-start">995093 ms</span>
              </div> <!-- configuration-method after -->
              <div class="configuration-method before">
                <img src="failed.png">
                </img>
                <span class="method-name">setup</span>
                <span class="method-start">995261 ms</span>
              </div> <!-- configuration-method before -->
              <div class="test-method">
                <span class="method-name">Importpdf</span>
                <span class="method-start">-1571120960305 ms</span>
              </div> <!-- test-method -->
              <div class="test-method">
                <span class="method-name">Importprint</span>
                <span class="method-start">-1571120960305 ms</span>
              </div> <!-- test-method -->
              <div class="test-method">
                <span class="method-name">nextandprevious</span>
                <span class="method-start">-1571120960305 ms</span>
              </div> <!-- test-method -->
            </div> <!-- chronological-class -->
            <div class="chronological-class">
              <div class="chronological-class-name">com.herokuapp.qa.tests.CustomerPageTest</div> <!-- chronological-class-name -->
              <div class="test-method">
                <span class="method-name">Customer</span>
                <span class="method-start">-1571120960305 ms</span>
              </div> <!-- test-method -->
            </div> <!-- chronological-class -->
            <div class="chronological-class">
              <div class="chronological-class-name">com.herokuapp.qa.tests.CustomerFormPageTest</div> <!-- chronological-class-name -->
              <div class="test-method">
                <span class="method-name">Customer</span>
                <span class="method-start">-1571120960305 ms</span>
              </div> <!-- test-method -->
            </div> <!-- chronological-class -->
            <div class="chronological-class">
              <div class="chronological-class-name">com.herokuapp.qa.tests.ColleaguesPageTest</div> <!-- chronological-class-name -->
              <div class="test-method">
                <span class="method-name">colleagues_link</span>
                <span class="method-start">-1571120960305 ms</span>
              </div> <!-- test-method -->
            </div> <!-- chronological-class -->
            <div class="chronological-class">
              <div class="chronological-class-name">com.herokuapp.qa.tests.InvalidUserPageTest</div> <!-- chronological-class-name -->
              <div class="test-method">
                <span class="method-name">verifhtmlmessagebothfiled</span>
                <span class="method-start">-1571120960305 ms</span>
              </div> <!-- test-method -->
              <div class="test-method">
                <span class="method-name">verifhtmlmessageforpassword</span>
                <span class="method-start">-1571120960305 ms</span>
              </div> <!-- test-method -->
              <div class="test-method">
                <span class="method-name">veriferror</span>
                <span class="method-start">-1571120960305 ms</span>
              </div> <!-- test-method -->
              <div class="test-method">
                <span class="method-name">getDecoded</span>
                <span class="method-start">-1571120960305 ms</span>
              </div> <!-- test-method -->
          </div> <!-- main-panel-content rounded-window-bottom -->
        </div> <!-- panel -->
      </div> <!-- main-panel-root -->
    </div> <!-- wrapper -->
  </body>
</html>
